---------------------------------------------------------------
[ 2017-08-28T19:08:43+08:00 ] 127.0.0.1 127.0.0.1 GET /install.php
[ info ] www.bycms.com/install.php [运行时间：0.047003s][吞吐率：21.28req/s] [内存消耗：1,800.81kb] [文件加载：38]
[ info ] [ LANG ] D:\wamp\www\bycms\thinkphp\lang\zh-cn.php
[ info ] [ BIND ] 'install'
[ info ] [ ROUTE ] array (
  'type' => 'module',
  'module' => 
  array (
    0 => 'install',
    1 => NULL,
    2 => NULL,
  ),
)
[ info ] [ HEADER ] array (
  'host' => 'www.bycms.com',
  'connection' => 'keep-alive',
  'pragma' => 'no-cache',
  'cache-control' => 'no-cache',
  'accept' => 'text/html,application/xhtml+xml,application/xml;q=0.9,image/webp,*/*;q=0.8',
  'upgrade-insecure-requests' => '1',
  'user-agent' => 'Mozilla/5.0 (Windows NT 6.1; WOW64) AppleWebKit/537.36 (KHTML, like Gecko) Chrome/50.0.2661.102 Safari/537.36',
  'accept-encoding' => 'gzip, deflate, sdch',
  'accept-language' => 'zh-CN,zh;q=0.8',
)
[ info ] [ PARAM ] array (
)
[ info ] [ RUN ] app\install\controller\Index->index[ D:\wamp\www\bycms\application\install\controller\Index.php ]
[ info ] [ SESSION ] INIT array (
  'id' => '',
  'var_session_id' => '',
  'prefix' => 'install',
  'type' => '',
  'auto_start' => true,
)
[ info ] [ VIEW ] D:\wamp\www\bycms/application/install\view\index\index.html [ array (
) ]
[ info ] [ LOG ] INIT File
---------------------------------------------------------------
[ 2017-08-28T19:08:53+08:00 ] 127.0.0.1 127.0.0.1 GET /install.php/install/step1.html
[ info ] www.bycms.com/install.php/install/step1.html [运行时间：0.053003s][吞吐率：18.87req/s] [内存消耗：1,839.27kb] [文件加载：39]
[ info ] [ LANG ] D:\wamp\www\bycms\thinkphp\lang\zh-cn.php
[ info ] [ BIND ] 'install'
[ info ] [ ROUTE ] array (
  'type' => 'module',
  'module' => 
  array (
    0 => 'install',
    1 => 'install',
    2 => 'step1',
  ),
)
[ info ] [ HEADER ] array (
  'host' => 'www.bycms.com',
  'connection' => 'keep-alive',
  'pragma' => 'no-cache',
  'cache-control' => 'no-cache',
  'accept' => 'text/html,application/xhtml+xml,application/xml;q=0.9,image/webp,*/*;q=0.8',
  'upgrade-insecure-requests' => '1',
  'user-agent' => 'Mozilla/5.0 (Windows NT 6.1; WOW64) AppleWebKit/537.36 (KHTML, like Gecko) Chrome/50.0.2661.102 Safari/537.36',
  'referer' => 'http://www.bycms.com/install.php',
  'accept-encoding' => 'gzip, deflate, sdch',
  'accept-language' => 'zh-CN,zh;q=0.8',
  'cookie' => 'PHPSESSID=sm7m0bgkuuprdicpfomh75rnv1',
)
[ info ] [ PARAM ] array (
)
[ info ] [ SESSION ] INIT array (
  'id' => '',
  'var_session_id' => '',
  'prefix' => 'install',
  'type' => '',
  'auto_start' => true,
)
[ info ] [ RUN ] app\install\controller\Install->step1[ D:\wamp\www\bycms\application\install\controller\Install.php ]
[ info ] [ VIEW ] D:\wamp\www\bycms/application/install\view\install\step1.html [ array (
  0 => 'functions',
  1 => 'files',
  2 => 'func',
) ]
[ info ] [ LOG ] INIT File
---------------------------------------------------------------
[ 2017-08-28T19:09:15+08:00 ] 127.0.0.1 127.0.0.1 GET /install.php/install/step2.html
[ info ] www.bycms.com/install.php/install/step2.html [运行时间：0.054003s][吞吐率：18.52req/s] [内存消耗：1,828.13kb] [文件加载：39]
[ info ] [ LANG ] D:\wamp\www\bycms\thinkphp\lang\zh-cn.php
[ info ] [ BIND ] 'install'
[ info ] [ ROUTE ] array (
  'type' => 'module',
  'module' => 
  array (
    0 => 'install',
    1 => 'install',
    2 => 'step2',
  ),
)
[ info ] [ HEADER ] array (
  'host' => 'www.bycms.com',
  'connection' => 'keep-alive',
  'pragma' => 'no-cache',
  'cache-control' => 'no-cache',
  'accept' => 'text/html,application/xhtml+xml,application/xml;q=0.9,image/webp,*/*;q=0.8',
  'upgrade-insecure-requests' => '1',
  'user-agent' => 'Mozilla/5.0 (Windows NT 6.1; WOW64) AppleWebKit/537.36 (KHTML, like Gecko) Chrome/50.0.2661.102 Safari/537.36',
  'referer' => 'http://www.bycms.com/install.php/install/step1.html',
  'accept-encoding' => 'gzip, deflate, sdch',
  'accept-language' => 'zh-CN,zh;q=0.8',
  'cookie' => 'PHPSESSID=sm7m0bgkuuprdicpfomh75rnv1',
)
[ info ] [ PARAM ] array (
)
[ info ] [ SESSION ] INIT array (
  'id' => '',
  'var_session_id' => '',
  'prefix' => 'install',
  'type' => '',
  'auto_start' => true,
)
[ info ] [ RUN ] app\install\controller\Install->step2[ D:\wamp\www\bycms\application\install\controller\Install.php ]
[ info ] [ VIEW ] D:\wamp\www\bycms/application/install\view\install\step2.html [ array (
) ]
[ info ] [ LOG ] INIT File
---------------------------------------------------------------
[ 2017-08-28T19:11:01+08:00 ] 127.0.0.1 127.0.0.1 POST /install.php/install/step3.html
[ info ] www.bycms.com/install.php/install/step3.html [运行时间：0.076005s][吞吐率：13.16req/s] [内存消耗：2,064.10kb] [文件加载：44]
[ info ] [ LANG ] D:\wamp\www\bycms\thinkphp\lang\zh-cn.php
[ info ] [ BIND ] 'install'
[ info ] [ ROUTE ] array (
  'type' => 'module',
  'module' => 
  array (
    0 => 'install',
    1 => 'install',
    2 => 'step3',
  ),
)
[ info ] [ HEADER ] array (
  'host' => 'www.bycms.com',
  'connection' => 'keep-alive',
  'content-length' => '189',
  'pragma' => 'no-cache',
  'cache-control' => 'no-cache',
  'accept' => 'text/html,application/xhtml+xml,application/xml;q=0.9,image/webp,*/*;q=0.8',
  'origin' => 'http://www.bycms.com',
  'upgrade-insecure-requests' => '1',
  'user-agent' => 'Mozilla/5.0 (Windows NT 6.1; WOW64) AppleWebKit/537.36 (KHTML, like Gecko) Chrome/50.0.2661.102 Safari/537.36',
  'content-type' => 'application/x-www-form-urlencoded',
  'referer' => 'http://www.bycms.com/install.php/install/step2.html',
  'accept-encoding' => 'gzip, deflate',
  'accept-language' => 'zh-CN,zh;q=0.8',
  'cookie' => 'PHPSESSID=sm7m0bgkuuprdicpfomh75rnv1',
)
[ info ] [ PARAM ] array (
  'db' => 
  array (
    0 => 'mysql',
    1 => '127.0.0.1',
    2 => 'bycms',
    3 => 'root',
    4 => '',
    5 => '3306',
    6 => 'bycms_',
  ),
  'admin' => 
  array (
    0 => 'admin',
    1 => '111111',
    2 => '111111',
    3 => '670758473@qq.com',
  ),
)
[ info ] [ SESSION ] INIT array (
  'id' => '',
  'var_session_id' => '',
  'prefix' => 'install',
  'type' => '',
  'auto_start' => true,
)
[ info ] [ RUN ] app\install\controller\Install->step3[ D:\wamp\www\bycms\application\install\controller\Install.php ]
[ info ] [ VIEW ] D:\wamp\www\bycms/application/install\view\install\step3.html [ array (
  0 => 'url',
) ]
[ info ] [ DB ] INIT mysql
[ info ] [ LOG ] INIT File
[ error ] [1049]SQLSTATE[HY000] [1049] Base 'bycms' inconnue[D:\wamp\www\bycms\thinkphp\library\think\db\Connection.php:293]
---------------------------------------------------------------
[ 2017-08-28T19:12:14+08:00 ] 127.0.0.1 127.0.0.1 GET /install.php
[ info ] www.bycms.com/install.php [运行时间：0.033002s][吞吐率：30.30req/s] [内存消耗：1,609.89kb] [文件加载：35]
[ info ] [ LANG ] D:\wamp\www\bycms\thinkphp\lang\zh-cn.php
[ info ] [ BIND ] 'install'
[ info ] [ ROUTE ] array (
  'type' => 'module',
  'module' => 
  array (
    0 => 'install',
    1 => NULL,
    2 => NULL,
  ),
)
[ info ] [ HEADER ] array (
  'host' => 'www.bycms.com',
  'connection' => 'keep-alive',
  'accept' => 'text/html,application/xhtml+xml,application/xml;q=0.9,image/webp,*/*;q=0.8',
  'upgrade-insecure-requests' => '1',
  'user-agent' => 'Mozilla/5.0 (Windows NT 6.1; WOW64) AppleWebKit/537.36 (KHTML, like Gecko) Chrome/50.0.2661.102 Safari/537.36',
  'accept-encoding' => 'gzip, deflate, sdch',
  'accept-language' => 'zh-CN,zh;q=0.8',
  'cookie' => 'PHPSESSID=sm7m0bgkuuprdicpfomh75rnv1',
)
[ info ] [ PARAM ] array (
)
[ info ] [ RUN ] app\install\controller\Index->index[ D:\wamp\www\bycms\application\install\controller\Index.php ]
[ info ] [ SESSION ] INIT array (
  'id' => '',
  'var_session_id' => '',
  'prefix' => 'install',
  'type' => '',
  'auto_start' => true,
)
[ info ] [ VIEW ] D:\wamp\www\bycms/application/install\view\index\index.html [ array (
) ]
[ info ] [ LOG ] INIT File
---------------------------------------------------------------
[ 2017-08-28T19:12:15+08:00 ] 127.0.0.1 127.0.0.1 GET /install.php/install/step1.html
[ info ] www.bycms.com/install.php/install/step1.html [运行时间：0.046002s][吞吐率：21.74req/s] [内存消耗：1,650.75kb] [文件加载：36]
[ info ] [ LANG ] D:\wamp\www\bycms\thinkphp\lang\zh-cn.php
[ info ] [ BIND ] 'install'
[ info ] [ ROUTE ] array (
  'type' => 'module',
  'module' => 
  array (
    0 => 'install',
    1 => 'install',
    2 => 'step1',
  ),
)
[ info ] [ HEADER ] array (
  'host' => 'www.bycms.com',
  'connection' => 'keep-alive',
  'accept' => 'text/html,application/xhtml+xml,application/xml;q=0.9,image/webp,*/*;q=0.8',
  'upgrade-insecure-requests' => '1',
  'user-agent' => 'Mozilla/5.0 (Windows NT 6.1; WOW64) AppleWebKit/537.36 (KHTML, like Gecko) Chrome/50.0.2661.102 Safari/537.36',
  'referer' => 'http://www.bycms.com/install.php',
  'accept-encoding' => 'gzip, deflate, sdch',
  'accept-language' => 'zh-CN,zh;q=0.8',
  'cookie' => 'PHPSESSID=sm7m0bgkuuprdicpfomh75rnv1',
)
[ info ] [ PARAM ] array (
)
[ info ] [ SESSION ] INIT array (
  'id' => '',
  'var_session_id' => '',
  'prefix' => 'install',
  'type' => '',
  'auto_start' => true,
)
[ info ] [ RUN ] app\install\controller\Install->step1[ D:\wamp\www\bycms\application\install\controller\Install.php ]
[ info ] [ VIEW ] D:\wamp\www\bycms/application/install\view\install\step1.html [ array (
  0 => 'functions',
  1 => 'files',
  2 => 'func',
) ]
[ info ] [ LOG ] INIT File
---------------------------------------------------------------
[ 2017-08-28T19:12:17+08:00 ] 127.0.0.1 127.0.0.1 GET /install.php/install/step2.html
[ info ] www.bycms.com/install.php/install/step2.html [运行时间：0.046002s][吞吐率：21.74req/s] [内存消耗：1,641.70kb] [文件加载：36]
[ info ] [ LANG ] D:\wamp\www\bycms\thinkphp\lang\zh-cn.php
[ info ] [ BIND ] 'install'
[ info ] [ ROUTE ] array (
  'type' => 'module',
  'module' => 
  array (
    0 => 'install',
    1 => 'install',
    2 => 'step2',
  ),
)
[ info ] [ HEADER ] array (
  'host' => 'www.bycms.com',
  'connection' => 'keep-alive',
  'accept' => 'text/html,application/xhtml+xml,application/xml;q=0.9,image/webp,*/*;q=0.8',
  'upgrade-insecure-requests' => '1',
  'user-agent' => 'Mozilla/5.0 (Windows NT 6.1; WOW64) AppleWebKit/537.36 (KHTML, like Gecko) Chrome/50.0.2661.102 Safari/537.36',
  'referer' => 'http://www.bycms.com/install.php/install/step1.html',
  'accept-encoding' => 'gzip, deflate, sdch',
  'accept-language' => 'zh-CN,zh;q=0.8',
  'cookie' => 'PHPSESSID=sm7m0bgkuuprdicpfomh75rnv1',
)
[ info ] [ PARAM ] array (
)
[ info ] [ SESSION ] INIT array (
  'id' => '',
  'var_session_id' => '',
  'prefix' => 'install',
  'type' => '',
  'auto_start' => true,
)
[ info ] [ RUN ] app\install\controller\Install->step2[ D:\wamp\www\bycms\application\install\controller\Install.php ]
[ info ] [ VIEW ] D:\wamp\www\bycms/application/install\view\install\step2.html [ array (
) ]
[ info ] [ LOG ] INIT File
---------------------------------------------------------------
[ 2017-08-28T19:12:36+08:00 ] 127.0.0.1 127.0.0.1 POST /install.php/install/step3.html
[ info ] www.bycms.com/install.php/install/step3.html [运行时间：0.062003s][吞吐率：16.13req/s] [内存消耗：1,877.74kb] [文件加载：41]
[ info ] [ LANG ] D:\wamp\www\bycms\thinkphp\lang\zh-cn.php
[ info ] [ BIND ] 'install'
[ info ] [ ROUTE ] array (
  'type' => 'module',
  'module' => 
  array (
    0 => 'install',
    1 => 'install',
    2 => 'step3',
  ),
)
[ info ] [ HEADER ] array (
  'host' => 'www.bycms.com',
  'connection' => 'keep-alive',
  'cache-control' => 'max-age=0',
  'accept' => 'text/html,application/xhtml+xml,application/xml;q=0.9,image/webp,*/*;q=0.8',
  'origin' => 'http://www.bycms.com',
  'upgrade-insecure-requests' => '1',
  'user-agent' => 'Mozilla/5.0 (Windows NT 6.1; WOW64) AppleWebKit/537.36 (KHTML, like Gecko) Chrome/50.0.2661.102 Safari/537.36',
  'content-type' => 'application/x-www-form-urlencoded',
  'referer' => 'http://www.bycms.com/install.php/install/step2.html',
  'accept-encoding' => 'gzip, deflate',
  'accept-language' => 'zh-CN,zh;q=0.8',
  'cookie' => 'PHPSESSID=sm7m0bgkuuprdicpfomh75rnv1',
  'content-length' => '185',
)
[ info ] [ PARAM ] array (
  'db' => 
  array (
    0 => 'mysql',
    1 => '127.0.0.1',
    2 => 'bycms',
    3 => 'root',
    4 => '',
    5 => '3306',
    6 => 'bycms_',
  ),
  'admin' => 
  array (
    0 => 'admin',
    1 => '111111',
    2 => '111111',
    3 => 'bycms@qq.com',
  ),
)
[ info ] [ SESSION ] INIT array (
  'id' => '',
  'var_session_id' => '',
  'prefix' => 'install',
  'type' => '',
  'auto_start' => true,
)
[ info ] [ RUN ] app\install\controller\Install->step3[ D:\wamp\www\bycms\application\install\controller\Install.php ]
[ info ] [ VIEW ] D:\wamp\www\bycms/application/install\view\install\step3.html [ array (
  0 => 'url',
) ]
[ info ] [ DB ] INIT mysql
[ info ] [ LOG ] INIT File
[ error ] [1049]SQLSTATE[HY000] [1049] Base 'bycms' inconnue[D:\wamp\www\bycms\thinkphp\library\think\db\Connection.php:293]
---------------------------------------------------------------
[ 2017-08-28T19:13:49+08:00 ] 127.0.0.1 127.0.0.1 GET /install.php/install/step2.html
[ info ] www.bycms.com/install.php/install/step2.html [运行时间：0.055003s][吞吐率：18.18req/s] [内存消耗：1,661.80kb] [文件加载：37]
[ info ] [ LANG ] D:\wamp\www\bycms\thinkphp\lang\zh-cn.php
[ info ] [ BIND ] 'install'
[ info ] [ ROUTE ] array (
  'type' => 'module',
  'module' => 
  array (
    0 => 'install',
    1 => 'install',
    2 => 'step2',
  ),
)
[ info ] [ HEADER ] array (
  'host' => 'www.bycms.com',
  'connection' => 'keep-alive',
  'accept' => 'text/html,application/xhtml+xml,application/xml;q=0.9,image/webp,*/*;q=0.8',
  'upgrade-insecure-requests' => '1',
  'user-agent' => 'Mozilla/5.0 (Windows NT 6.1; WOW64) AppleWebKit/537.36 (KHTML, like Gecko) Chrome/50.0.2661.102 Safari/537.36',
  'referer' => 'http://www.bycms.com/install.php/install/step1.html',
  'accept-encoding' => 'gzip, deflate, sdch',
  'accept-language' => 'zh-CN,zh;q=0.8',
  'cookie' => 'PHPSESSID=sm7m0bgkuuprdicpfomh75rnv1',
)
[ info ] [ PARAM ] array (
)
[ info ] [ SESSION ] INIT array (
  'id' => '',
  'var_session_id' => '',
  'prefix' => 'install',
  'type' => '',
  'auto_start' => true,
)
[ info ] [ RUN ] app\install\controller\Install->step2[ D:\wamp\www\bycms\application\install\controller\Install.php ]
[ info ] [ LOG ] INIT File
---------------------------------------------------------------
[ 2017-08-28T19:13:49+08:00 ] 127.0.0.1 127.0.0.1 GET /install.php/install/step1.html
[ info ] www.bycms.com/install.php/install/step1.html [运行时间：0.036002s][吞吐率：27.78req/s] [内存消耗：1,650.88kb] [文件加载：36]
[ info ] [ LANG ] D:\wamp\www\bycms\thinkphp\lang\zh-cn.php
[ info ] [ BIND ] 'install'
[ info ] [ ROUTE ] array (
  'type' => 'module',
  'module' => 
  array (
    0 => 'install',
    1 => 'install',
    2 => 'step1',
  ),
)
[ info ] [ HEADER ] array (
  'host' => 'www.bycms.com',
  'connection' => 'keep-alive',
  'accept' => 'text/html,application/xhtml+xml,application/xml;q=0.9,image/webp,*/*;q=0.8',
  'upgrade-insecure-requests' => '1',
  'user-agent' => 'Mozilla/5.0 (Windows NT 6.1; WOW64) AppleWebKit/537.36 (KHTML, like Gecko) Chrome/50.0.2661.102 Safari/537.36',
  'referer' => 'http://www.bycms.com/install.php/install/step1.html',
  'accept-encoding' => 'gzip, deflate, sdch',
  'accept-language' => 'zh-CN,zh;q=0.8',
  'cookie' => 'PHPSESSID=sm7m0bgkuuprdicpfomh75rnv1',
)
[ info ] [ PARAM ] array (
)
[ info ] [ SESSION ] INIT array (
  'id' => '',
  'var_session_id' => '',
  'prefix' => 'install',
  'type' => '',
  'auto_start' => true,
)
[ info ] [ RUN ] app\install\controller\Install->step1[ D:\wamp\www\bycms\application\install\controller\Install.php ]
[ info ] [ VIEW ] D:\wamp\www\bycms/application/install\view\install\step1.html [ array (
  0 => 'functions',
  1 => 'files',
  2 => 'func',
) ]
[ info ] [ LOG ] INIT File
---------------------------------------------------------------
[ 2017-08-28T19:13:52+08:00 ] 127.0.0.1 127.0.0.1 GET /install.php/install/step2.html
[ info ] www.bycms.com/install.php/install/step2.html [运行时间：0.063003s][吞吐率：15.87req/s] [内存消耗：1,641.72kb] [文件加载：36]
[ info ] [ LANG ] D:\wamp\www\bycms\thinkphp\lang\zh-cn.php
[ info ] [ BIND ] 'install'
[ info ] [ ROUTE ] array (
  'type' => 'module',
  'module' => 
  array (
    0 => 'install',
    1 => 'install',
    2 => 'step2',
  ),
)
[ info ] [ HEADER ] array (
  'host' => 'www.bycms.com',
  'connection' => 'keep-alive',
  'accept' => 'text/html,application/xhtml+xml,application/xml;q=0.9,image/webp,*/*;q=0.8',
  'upgrade-insecure-requests' => '1',
  'user-agent' => 'Mozilla/5.0 (Windows NT 6.1; WOW64) AppleWebKit/537.36 (KHTML, like Gecko) Chrome/50.0.2661.102 Safari/537.36',
  'referer' => 'http://www.bycms.com/install.php/install/step1.html',
  'accept-encoding' => 'gzip, deflate, sdch',
  'accept-language' => 'zh-CN,zh;q=0.8',
  'cookie' => 'PHPSESSID=sm7m0bgkuuprdicpfomh75rnv1',
)
[ info ] [ PARAM ] array (
)
[ info ] [ SESSION ] INIT array (
  'id' => '',
  'var_session_id' => '',
  'prefix' => 'install',
  'type' => '',
  'auto_start' => true,
)
[ info ] [ RUN ] app\install\controller\Install->step2[ D:\wamp\www\bycms\application\install\controller\Install.php ]
[ info ] [ VIEW ] D:\wamp\www\bycms/application/install\view\install\step2.html [ array (
) ]
[ info ] [ LOG ] INIT File
---------------------------------------------------------------
[ 2017-08-28T19:14:11+08:00 ] 127.0.0.1 127.0.0.1 POST /install.php/install/step3.html
[ info ] www.bycms.com/install.php/install/step3.html [运行时间：0.935054s][吞吐率：1.07req/s] [内存消耗：1,846.66kb] [文件加载：39]
[ info ] [ LANG ] D:\wamp\www\bycms\thinkphp\lang\zh-cn.php
[ info ] [ BIND ] 'install'
[ info ] [ ROUTE ] array (
  'type' => 'module',
  'module' => 
  array (
    0 => 'install',
    1 => 'install',
    2 => 'step3',
  ),
)
[ info ] [ HEADER ] array (
  'host' => 'www.bycms.com',
  'connection' => 'keep-alive',
  'cache-control' => 'max-age=0',
  'accept' => 'text/html,application/xhtml+xml,application/xml;q=0.9,image/webp,*/*;q=0.8',
  'origin' => 'http://www.bycms.com',
  'upgrade-insecure-requests' => '1',
  'user-agent' => 'Mozilla/5.0 (Windows NT 6.1; WOW64) AppleWebKit/537.36 (KHTML, like Gecko) Chrome/50.0.2661.102 Safari/537.36',
  'content-type' => 'application/x-www-form-urlencoded',
  'referer' => 'http://www.bycms.com/install.php/install/step2.html',
  'accept-encoding' => 'gzip, deflate',
  'accept-language' => 'zh-CN,zh;q=0.8',
  'cookie' => 'PHPSESSID=sm7m0bgkuuprdicpfomh75rnv1',
  'content-length' => '185',
)
[ info ] [ PARAM ] array (
  'db' => 
  array (
    0 => 'mysql',
    1 => '127.0.0.1',
    2 => 'bycms',
    3 => 'root',
    4 => '',
    5 => '3306',
    6 => 'bycms_',
  ),
  'admin' => 
  array (
    0 => 'admin',
    1 => '111111',
    2 => '111111',
    3 => 'bycms@qq.com',
  ),
)
[ info ] [ SESSION ] INIT array (
  'id' => '',
  'var_session_id' => '',
  'prefix' => 'install',
  'type' => '',
  'auto_start' => true,
)
[ info ] [ RUN ] app\install\controller\Install->step3[ D:\wamp\www\bycms\application\install\controller\Install.php ]
[ info ] [ VIEW ] D:\wamp\www\bycms/application/install\view\install\step3.html [ array (
  0 => 'url',
) ]
[ info ] [ DB ] INIT mysql
[ info ] [ LOG ] INIT File
---------------------------------------------------------------
[ 2017-08-28T19:14:11+08:00 ] 127.0.0.1 127.0.0.1 GET /install.php/index/complete.html
[ info ] www.bycms.com/install.php/index/complete.html [运行时间：0.060003s][吞吐率：16.67req/s] [内存消耗：1,925.48kb] [文件加载：40]
[ info ] [ LANG ] D:\wamp\www\bycms\thinkphp\lang\zh-cn.php
[ info ] [ BIND ] 'install'
[ info ] [ ROUTE ] array (
  'type' => 'module',
  'module' => 
  array (
    0 => 'install',
    1 => 'index',
    2 => 'complete',
  ),
)
[ info ] [ HEADER ] array (
  'host' => 'www.bycms.com',
  'connection' => 'keep-alive',
  'accept' => 'text/html,application/xhtml+xml,application/xml;q=0.9,image/webp,*/*;q=0.8',
  'upgrade-insecure-requests' => '1',
  'user-agent' => 'Mozilla/5.0 (Windows NT 6.1; WOW64) AppleWebKit/537.36 (KHTML, like Gecko) Chrome/50.0.2661.102 Safari/537.36',
  'referer' => 'http://www.bycms.com/install.php/install/step3.html',
  'accept-encoding' => 'gzip, deflate, sdch',
  'accept-language' => 'zh-CN,zh;q=0.8',
  'cookie' => 'PHPSESSID=sm7m0bgkuuprdicpfomh75rnv1',
)
[ info ] [ PARAM ] array (
)
[ info ] [ RUN ] app\install\controller\Index->complete[ D:\wamp\www\bycms\application\install\controller\Index.php ]
[ info ] [ SESSION ] INIT array (
  'id' => '',
  'var_session_id' => '',
  'prefix' => 'install',
  'type' => '',
  'auto_start' => true,
)
[ info ] [ DB ] INIT mysql
[ info ] [ VIEW ] D:\wamp\www\bycms/application/install\view\index\complete.html [ array (
  0 => 'INSTALL_PATH',
  1 => 'info',
) ]
[ info ] [ LOG ] INIT File
---------------------------------------------------------------
[ 2017-08-28T19:14:13+08:00 ] 127.0.0.1 127.0.0.1 GET /
[ info ] www.bycms.com/ [运行时间：0.507029s][吞吐率：1.97req/s] [内存消耗：3,450.69kb] [文件加载：49]
[ info ] [ LANG ] D:\wamp\www\bycms\thinkphp\lang\zh-cn.php
[ info ] [ ROUTE ] array (
  'type' => 'module',
  'module' => 
  array (
    0 => '',
    1 => NULL,
    2 => NULL,
  ),
)
[ info ] [ HEADER ] array (
  'host' => 'www.bycms.com',
  'connection' => 'keep-alive',
  'accept' => 'text/html,application/xhtml+xml,application/xml;q=0.9,image/webp,*/*;q=0.8',
  'upgrade-insecure-requests' => '1',
  'user-agent' => 'Mozilla/5.0 (Windows NT 6.1; WOW64) AppleWebKit/537.36 (KHTML, like Gecko) Chrome/50.0.2661.102 Safari/537.36',
  'referer' => 'http://www.bycms.com/install.php/index/complete.html',
  'accept-encoding' => 'gzip, deflate, sdch',
  'accept-language' => 'zh-CN,zh;q=0.8',
  'cookie' => 'PHPSESSID=sm7m0bgkuuprdicpfomh75rnv1',
)
[ info ] [ PARAM ] array (
)
[ info ] [ DB ] INIT mysql
[ info ] [ SESSION ] INIT array (
  'id' => '',
  'var_session_id' => '',
  'prefix' => 'home',
  'type' => '',
  'auto_start' => true,
)
[ info ] [ RUN ] app\index\controller\Index->index[ D:\wamp\www\bycms\application\index\controller\Index.php ]
[ info ] [ VIEW ] D:\wamp\www\bycms/application/index\view\index\index.html [ array (
  0 => 'footer',
  1 => 'tree',
  2 => 'meta_title',
) ]
[ info ] [ LOG ] INIT File
[ sql ] [ DB ] CONNECT:[ UseTime:0.001000s ] mysql:dbname=bycms;host=127.0.0.1;port=3306;charset=utf8
[ sql ] [ SQL ] SHOW COLUMNS FROM `bycms_config` [ RunTime:0.009000s ]
[ sql ] [ SQL ] SELECT * FROM `bycms_config` WHERE  `name` = 'WEB_SITE_CLOSE' LIMIT 1 [ RunTime:0.076005s ]
[ sql ] [ SQL ] SHOW COLUMNS FROM `bycms_category` [ RunTime:0.016001s ]
[ sql ] [ SQL ] SELECT * FROM `bycms_category` WHERE  `type` = 1  AND `pid` > 0 ORDER BY sort asc [ RunTime:0.001000s ]
[ sql ] [ SQL ] SELECT `id`,`name`,`title`,`pid`,`sort`,`list_row`,`meta_title`,`keywords`,`description`,`template_index`,`template_lists`,`template_detail`,`template_edit`,`type`,`create_time`,`update_time`,`status`,`content`,`model_id` FROM `bycms_category` WHERE  `status` = 1  AND `type` = 0  AND `model_id` = 1 ORDER BY sort desc [ RunTime:0.002000s ]
[ sql ] [ SQL ] SELECT `id`,`pid` FROM `bycms_category` [ RunTime:0.000000s ]
[ sql ] [ SQL ] SELECT `id`,`pid` FROM `bycms_category` [ RunTime:0.001000s ]
[ sql ] [ SQL ] SELECT `id`,`pid` FROM `bycms_category` [ RunTime:0.001000s ]
[ sql ] [ SQL ] SHOW COLUMNS FROM `bycms_document` [ RunTime:0.007001s ]
[ sql ] [ SQL ] SELECT * FROM `bycms_document` WHERE  `category_id` IN (160,161,159)  AND `model_id` = 1 ORDER BY id desc LIMIT 5 [ RunTime:0.002000s ]
[ sql ] [ SQL ] SELECT `id`,`pid` FROM `bycms_category` [ RunTime:0.000000s ]
[ sql ] [ SQL ] SELECT `id`,`pid` FROM `bycms_category` [ RunTime:0.001000s ]
[ sql ] [ SQL ] SELECT `id`,`pid` FROM `bycms_category` [ RunTime:0.000000s ]
[ sql ] [ SQL ] SELECT `id`,`pid` FROM `bycms_category` [ RunTime:0.001000s ]
[ sql ] [ SQL ] SELECT * FROM `bycms_document` WHERE  `category_id` IN (165,166,177,162)  AND `model_id` = 1 ORDER BY id desc LIMIT 5 [ RunTime:0.002000s ]
[ sql ] [ SQL ] SELECT `id`,`pid` FROM `bycms_category` [ RunTime:0.001000s ]
[ sql ] [ SQL ] SELECT `id`,`pid` FROM `bycms_category` [ RunTime:0.000000s ]
[ sql ] [ SQL ] SELECT `id`,`pid` FROM `bycms_category` [ RunTime:0.001000s ]
[ sql ] [ SQL ] SELECT * FROM `bycms_document` WHERE  `category_id` IN (167,168,163)  AND `model_id` = 1 ORDER BY id desc LIMIT 5 [ RunTime:0.002000s ]
[ sql ] [ SQL ] SELECT `id`,`pid` FROM `bycms_category` [ RunTime:0.000000s ]
[ sql ] [ SQL ] SELECT `id`,`pid` FROM `bycms_category` [ RunTime:0.001000s ]
[ sql ] [ SQL ] SELECT `id`,`pid` FROM `bycms_category` [ RunTime:0.000000s ]
[ sql ] [ SQL ] SELECT `id`,`pid` FROM `bycms_category` [ RunTime:0.001000s ]
[ sql ] [ SQL ] SELECT `id`,`pid` FROM `bycms_category` [ RunTime:0.001000s ]
[ sql ] [ SQL ] SELECT `id`,`pid` FROM `bycms_category` [ RunTime:0.001000s ]
[ sql ] [ SQL ] SELECT * FROM `bycms_document` WHERE  `category_id` IN (169,170,171,178,179,164)  AND `model_id` = 1 ORDER BY id desc LIMIT 5 [ RunTime:0.001000s ]
[ sql ] [ SQL ] SHOW COLUMNS FROM `bycms_count` [ RunTime:0.007000s ]
[ sql ] [ SQL ] SELECT COUNT(*) AS tp_count FROM `bycms_count` WHERE  `model` = 'visitor'  AND `time` = 20170828 LIMIT 1 [ RunTime:0.001000s ]
[ sql ] [ SQL ] INSERT INTO `bycms_count` (`model` , `num` , `time` , `create_time` , `mark` , `type`) VALUES ('visitor' , 1 , 20170828 , 1503918853 , '访客数+1' , 0) [ RunTime:0.001000s ]
[ sql ] [ SQL ] SELECT * FROM `bycms_config` WHERE  `name` = 'WEB_SITE_TITLE' LIMIT 1 [ RunTime:0.002000s ]
[ sql ] [ SQL ] SELECT * FROM `bycms_config` WHERE  `name` = 'KEYWORD' LIMIT 1 [ RunTime:0.000000s ]
[ sql ] [ SQL ] SELECT * FROM `bycms_config` WHERE  `name` = 'DESCRIPTION' LIMIT 1 [ RunTime:0.001000s ]
[ sql ] [ SQL ] SELECT * FROM `bycms_config` WHERE  `name` = 'WEB_SITE_TITLE' LIMIT 1 [ RunTime:0.001000s ]
[ sql ] [ SQL ] SELECT * FROM `bycms_config` WHERE  `name` = 'LOGO' LIMIT 1 [ RunTime:0.001000s ]
[ sql ] [ SQL ] SHOW COLUMNS FROM `bycms_picture` [ RunTime:0.007000s ]
[ sql ] [ SQL ] SELECT * FROM `bycms_picture` WHERE  `id` = 330 LIMIT 1 [ RunTime:0.001000s ]
[ sql ] [ SQL ] SHOW COLUMNS FROM `bycms_channel` [ RunTime:0.007001s ]
[ sql ] [ SQL ] SELECT * FROM `bycms_channel` ORDER BY sort asc LIMIT 10 [ RunTime:0.001000s ]
[ sql ] [ SQL ] SELECT * FROM `bycms_document` WHERE  `position` = 1 [ RunTime:0.001000s ]
[ sql ] [ SQL ] SELECT * FROM `bycms_picture` WHERE  `id` = 186 LIMIT 1 [ RunTime:0.001000s ]
[ sql ] [ SQL ] SELECT * FROM `bycms_document` WHERE  `model_id` = 1 ORDER BY view desc LIMIT 6 [ RunTime:0.001001s ]
[ sql ] [ SQL ] SHOW COLUMNS FROM `bycms_slide` [ RunTime:0.007001s ]
[ sql ] [ SQL ] SELECT * FROM `bycms_slide` WHERE  `place` = 0 ORDER BY sort desc LIMIT 5 [ RunTime:0.001000s ]
[ sql ] [ SQL ] SELECT * FROM `bycms_picture` WHERE  `id` = 296 LIMIT 1 [ RunTime:0.001000s ]
[ sql ] [ SQL ] SELECT * FROM `bycms_picture` WHERE  `id` = 177 LIMIT 1 [ RunTime:0.001000s ]
[ sql ] [ SQL ] SELECT * FROM `bycms_picture` WHERE  `id` = 176 LIMIT 1 [ RunTime:0.001000s ]
[ sql ] [ SQL ] SELECT * FROM `bycms_picture` WHERE  `id` = 220 LIMIT 1 [ RunTime:0.000000s ]
[ sql ] [ SQL ] SELECT * FROM `bycms_slide` WHERE  `place` = 0 ORDER BY sort desc LIMIT 5 [ RunTime:0.001000s ]
[ sql ] [ SQL ] SELECT * FROM `bycms_document` WHERE  `position` = 3 [ RunTime:0.001000s ]
[ sql ] [ SQL ] SELECT * FROM `bycms_document` WHERE  `position` = 4 [ RunTime:0.001000s ]
[ sql ] [ SQL ] SHOW COLUMNS FROM `bycms_ad` [ RunTime:0.007001s ]
[ sql ] [ SQL ] SELECT * FROM `bycms_ad` WHERE  `place` = '1' [ RunTime:0.001000s ]
[ sql ] [ SQL ] SELECT * FROM `bycms_picture` WHERE  `id` = 181 LIMIT 1 [ RunTime:0.000000s ]
[ sql ] [ SQL ] SELECT * FROM `bycms_document` WHERE  `model_id` = 2 ORDER BY view desc LIMIT 10 [ RunTime:0.001000s ]
[ sql ] [ SQL ] SELECT * FROM `bycms_picture` WHERE  `id` = 279 LIMIT 1 [ RunTime:0.001000s ]
[ sql ] [ SQL ] SELECT * FROM `bycms_picture` WHERE  `id` = 265 LIMIT 1 [ RunTime:0.001000s ]
[ sql ] [ SQL ] SELECT * FROM `bycms_picture` WHERE  `id` = 314 LIMIT 1 [ RunTime:0.001000s ]
[ sql ] [ SQL ] SELECT * FROM `bycms_picture` WHERE  `id` = 308 LIMIT 1 [ RunTime:0.001000s ]
[ sql ] [ SQL ] SELECT * FROM `bycms_picture` WHERE  `id` = 326 LIMIT 1 [ RunTime:0.001000s ]
[ sql ] [ SQL ] SELECT `id`,`pid` FROM `bycms_category` [ RunTime:0.001000s ]
[ sql ] [ SQL ] SELECT * FROM `bycms_document` WHERE  `category_id` IN (181) ORDER BY id desc LIMIT 2 [ RunTime:0.001000s ]
[ sql ] [ SQL ] SELECT * FROM `bycms_ad` WHERE  `place` = '2' [ RunTime:0.001000s ]
[ sql ] [ SQL ] SELECT * FROM `bycms_picture` WHERE  `id` = 189 LIMIT 1 [ RunTime:0.000000s ]
[ sql ] [ SQL ] SELECT * FROM `bycms_document` WHERE  `model_id` = 1 ORDER BY view desc LIMIT 10 [ RunTime:0.002000s ]
[ sql ] [ SQL ] SHOW COLUMNS FROM `bycms_friendlink` [ RunTime:0.008000s ]
[ sql ] [ SQL ] SELECT * FROM `bycms_friendlink` ORDER BY id desc LIMIT 10 [ RunTime:0.000000s ]
---------------------------------------------------------------
[ 2017-08-28T19:14:27+08:00 ] 127.0.0.1 127.0.0.1 GET /index.php/index/article/detail/id/88.html
[ info ] www.bycms.com/index.php/index/article/detail/id/88.html [运行时间：0.293017s][吞吐率：3.41req/s] [内存消耗：3,573.97kb] [文件加载：56]
[ info ] [ LANG ] D:\wamp\www\bycms\thinkphp\lang\zh-cn.php
[ info ] [ ROUTE ] array (
  'type' => 'module',
  'module' => 
  array (
    0 => 'index',
    1 => 'article',
    2 => 'detail',
  ),
)
[ info ] [ HEADER ] array (
  'host' => 'www.bycms.com',
  'connection' => 'keep-alive',
  'accept' => 'text/html,application/xhtml+xml,application/xml;q=0.9,image/webp,*/*;q=0.8',
  'upgrade-insecure-requests' => '1',
  'user-agent' => 'Mozilla/5.0 (Windows NT 6.1; WOW64) AppleWebKit/537.36 (KHTML, like Gecko) Chrome/50.0.2661.102 Safari/537.36',
  'accept-encoding' => 'gzip, deflate, sdch',
  'accept-language' => 'zh-CN,zh;q=0.8',
  'cookie' => 'PHPSESSID=sm7m0bgkuuprdicpfomh75rnv1',
)
[ info ] [ PARAM ] array (
  'id' => '88',
)
[ info ] [ DB ] INIT mysql
[ info ] [ SESSION ] INIT array (
  'id' => '',
  'var_session_id' => '',
  'prefix' => 'home',
  'type' => '',
  'auto_start' => true,
)
[ info ] [ RUN ] app\index\controller\Article->detail[ D:\wamp\www\bycms\application\index\controller\Article.php ]
[ info ] [ CACHE ] INIT File
[ info ] [ VIEW ] D:\wamp\www\bycms/application/index\view\model\document_detail.html [ array (
  0 => 'footer',
  1 => 'pid',
  2 => 'meta_title',
  3 => 'res',
  4 => 'info',
  5 => 'pre',
  6 => 'next',
) ]
[ info ] [ LOG ] INIT File
[ sql ] [ DB ] CONNECT:[ UseTime:0.010000s ] mysql:dbname=bycms;host=127.0.0.1;port=3306;charset=utf8
[ sql ] [ SQL ] SHOW COLUMNS FROM `bycms_config` [ RunTime:0.008000s ]
[ sql ] [ SQL ] SELECT * FROM `bycms_config` WHERE  `name` = 'WEB_SITE_CLOSE' LIMIT 1 [ RunTime:0.000000s ]
[ sql ] [ SQL ] SHOW COLUMNS FROM `bycms_category` [ RunTime:0.008001s ]
[ sql ] [ SQL ] SELECT * FROM `bycms_category` WHERE  `type` = 1  AND `pid` > 0 ORDER BY sort asc [ RunTime:0.001000s ]
[ sql ] [ SQL ] SHOW COLUMNS FROM `bycms_document` [ RunTime:0.007001s ]
[ sql ] [ SQL ] SELECT `id`,`uid`,`title`,`category_id`,`cover_id`,`view`,`create_time`,`update_time`,`status`,`content`,`sort`,`description`,`comments`,`position`,`model_id` FROM `bycms_document` WHERE  `id` = 88 LIMIT 1 [ RunTime:0.001000s ]
[ sql ] [ SQL ] SHOW COLUMNS FROM `bycms_models` [ RunTime:0.007000s ]
[ sql ] [ SQL ] SELECT `name` FROM `bycms_models` WHERE  `id` = 1 LIMIT 1 [ RunTime:0.000000s ]
[ sql ] [ SQL ] SELECT * FROM `bycms_document` WHERE  `id` = 88 LIMIT 1 [ RunTime:0.000000s ]
[ sql ] [ SQL ] SELECT * FROM `bycms_document` WHERE  `id` = 88 LIMIT 1 [ RunTime:0.001000s ]
[ sql ] [ SQL ] SHOW COLUMNS FROM `bycms_photo` [ RunTime:0.007000s ]
[ sql ] [ SQL ] SELECT * FROM `bycms_photo` WHERE  `id` = 88 LIMIT 1 [ RunTime:0.000000s ]
[ sql ] [ SQL ] UPDATE `bycms_document`  SET `view`=view+1  WHERE  `id` = 88 [ RunTime:0.001000s ]
[ sql ] [ SQL ] SELECT `id`,`pid` FROM `bycms_category` [ RunTime:0.001000s ]
[ sql ] [ SQL ] SELECT `id`,`pid` FROM `bycms_category` [ RunTime:0.000000s ]
[ sql ] [ SQL ] SELECT `id`,`pid` FROM `bycms_category` [ RunTime:0.001000s ]
[ sql ] [ SQL ] SHOW COLUMNS FROM `bycms_comment` [ RunTime:0.008000s ]
[ sql ] [ SQL ] SELECT COUNT(*) AS tp_count FROM `bycms_comment` WHERE  `doc_id` = 88 LIMIT 1 [ RunTime:0.001000s ]
[ sql ] [ SQL ] SELECT * FROM `bycms_comment` WHERE  `doc_id` = 88 ORDER BY id desc LIMIT 0,10 [ RunTime:0.001000s ]
[ sql ] [ SQL ] SELECT COUNT(*) AS tp_count FROM `bycms_comment` WHERE  `doc_id` = 88 ORDER BY id desc LIMIT 1 [ RunTime:0.001000s ]
[ sql ] [ SQL ] SELECT `name` FROM `bycms_models` WHERE  `id` = 1 LIMIT 1 [ RunTime:0.001000s ]
[ sql ] [ SQL ] SELECT * FROM `bycms_document` WHERE  `model_id` = 2  AND `id` < 88 ORDER BY id desc LIMIT 1 [ RunTime:0.001000s ]
[ sql ] [ SQL ] SELECT * FROM `bycms_document` WHERE  `model_id` = 2  AND `id` > 88 ORDER BY id asc LIMIT 1 [ RunTime:0.002000s ]
[ sql ] [ SQL ] SELECT * FROM `bycms_config` WHERE  `name` = 'WEB_SITE_TITLE' LIMIT 1 [ RunTime:0.001000s ]
[ sql ] [ SQL ] SELECT * FROM `bycms_config` WHERE  `name` = 'KEYWORD' LIMIT 1 [ RunTime:0.001000s ]
[ sql ] [ SQL ] SELECT * FROM `bycms_config` WHERE  `name` = 'DESCRIPTION' LIMIT 1 [ RunTime:0.001000s ]
[ sql ] [ SQL ] SELECT * FROM `bycms_config` WHERE  `name` = 'WEB_SITE_TITLE' LIMIT 1 [ RunTime:0.001000s ]
[ sql ] [ SQL ] SELECT * FROM `bycms_config` WHERE  `name` = 'LOGO' LIMIT 1 [ RunTime:0.001000s ]
[ sql ] [ SQL ] SHOW COLUMNS FROM `bycms_picture` [ RunTime:0.007000s ]
[ sql ] [ SQL ] SELECT * FROM `bycms_picture` WHERE  `id` = 330 LIMIT 1 [ RunTime:0.001000s ]
[ sql ] [ SQL ] SHOW COLUMNS FROM `bycms_channel` [ RunTime:0.007000s ]
[ sql ] [ SQL ] SELECT * FROM `bycms_channel` ORDER BY sort asc LIMIT 10 [ RunTime:0.001000s ]
[ sql ] [ SQL ] SELECT * FROM `bycms_category` WHERE  `id` = 159 LIMIT 1 [ RunTime:0.001000s ]
[ sql ] [ SQL ] SELECT * FROM `bycms_category` WHERE  `id` = 160 LIMIT 1 [ RunTime:0.000000s ]
[ sql ] [ SQL ] SELECT * FROM `bycms_category` WHERE  `id` = 161 LIMIT 1 [ RunTime:0.001000s ]
[ sql ] [ SQL ] SHOW COLUMNS FROM `bycms_ucenter_member` [ RunTime:0.007001s ]
[ sql ] [ SQL ] SELECT * FROM `bycms_ucenter_member` WHERE  `id` = 1 LIMIT 1 [ RunTime:0.001000s ]
[ sql ] [ SQL ] SELECT * FROM `bycms_document` WHERE  `model_id` = 1 ORDER BY view desc LIMIT 10 [ RunTime:0.002000s ]
[ sql ] [ SQL ] SHOW COLUMNS FROM `bycms_ad` [ RunTime:0.007000s ]
[ sql ] [ SQL ] SELECT * FROM `bycms_ad` WHERE  `place` = '2' [ RunTime:0.001000s ]
[ sql ] [ SQL ] SELECT * FROM `bycms_picture` WHERE  `id` = 189 LIMIT 1 [ RunTime:0.001000s ]
[ sql ] [ SQL ] SELECT * FROM `bycms_document` WHERE  `model_id` = 1 ORDER BY id desc LIMIT 10 [ RunTime:0.002001s ]
---------------------------------------------------------------
[ 2017-08-28T19:18:05+08:00 ] 127.0.0.1 127.0.0.1 GET /index.php/index/article/detail/id/88.html
[ info ] www.bycms.com/index.php/index/article/detail/id/88.html [运行时间：0.312018s][吞吐率：3.20req/s] [内存消耗：3,362.38kb] [文件加载：53]
[ info ] [ LANG ] D:\wamp\www\bycms\thinkphp\lang\zh-cn.php
[ info ] [ ROUTE ] array (
  'type' => 'module',
  'module' => 
  array (
    0 => 'index',
    1 => 'article',
    2 => 'detail',
  ),
)
[ info ] [ HEADER ] array (
  'host' => 'www.bycms.com',
  'connection' => 'keep-alive',
  'cache-control' => 'max-age=0',
  'accept' => 'text/html,application/xhtml+xml,application/xml;q=0.9,image/webp,*/*;q=0.8',
  'upgrade-insecure-requests' => '1',
  'user-agent' => 'Mozilla/5.0 (Windows NT 6.1; WOW64) AppleWebKit/537.36 (KHTML, like Gecko) Chrome/50.0.2661.102 Safari/537.36',
  'accept-encoding' => 'gzip, deflate, sdch',
  'accept-language' => 'zh-CN,zh;q=0.8',
  'cookie' => 'PHPSESSID=sm7m0bgkuuprdicpfomh75rnv1',
)
[ info ] [ PARAM ] array (
  'id' => '88',
)
[ info ] [ DB ] INIT mysql
[ info ] [ SESSION ] INIT array (
  'id' => '',
  'var_session_id' => '',
  'prefix' => 'home',
  'type' => '',
  'auto_start' => true,
)
[ info ] [ RUN ] app\index\controller\Article->detail[ D:\wamp\www\bycms\application\index\controller\Article.php ]
[ info ] [ CACHE ] INIT File
[ info ] [ VIEW ] D:\wamp\www\bycms/application/index\view\model\document_detail.html [ array (
  0 => 'footer',
  1 => 'pid',
  2 => 'meta_title',
  3 => 'res',
  4 => 'info',
  5 => 'pre',
  6 => 'next',
) ]
[ info ] [ LOG ] INIT File
[ sql ] [ DB ] CONNECT:[ UseTime:0.011000s ] mysql:dbname=bycms;host=127.0.0.1;port=3306;charset=utf8
[ sql ] [ SQL ] SHOW COLUMNS FROM `bycms_config` [ RunTime:0.008001s ]
[ sql ] [ SQL ] SELECT * FROM `bycms_config` WHERE  `name` = 'WEB_SITE_CLOSE' LIMIT 1 [ RunTime:0.001000s ]
[ sql ] [ SQL ] SHOW COLUMNS FROM `bycms_category` [ RunTime:0.007001s ]
[ sql ] [ SQL ] SELECT * FROM `bycms_category` WHERE  `type` = 1  AND `pid` > 0 ORDER BY sort asc [ RunTime:0.001000s ]
[ sql ] [ SQL ] SHOW COLUMNS FROM `bycms_document` [ RunTime:0.007001s ]
[ sql ] [ SQL ] SELECT `id`,`uid`,`title`,`category_id`,`cover_id`,`view`,`create_time`,`update_time`,`status`,`content`,`sort`,`description`,`comments`,`position`,`model_id` FROM `bycms_document` WHERE  `id` = 88 LIMIT 1 [ RunTime:0.001000s ]
[ sql ] [ SQL ] SHOW COLUMNS FROM `bycms_models` [ RunTime:0.007000s ]
[ sql ] [ SQL ] SELECT `name` FROM `bycms_models` WHERE  `id` = 1 LIMIT 1 [ RunTime:0.001001s ]
[ sql ] [ SQL ] SELECT * FROM `bycms_document` WHERE  `id` = 88 LIMIT 1 [ RunTime:0.001000s ]
[ sql ] [ SQL ] SELECT * FROM `bycms_document` WHERE  `id` = 88 LIMIT 1 [ RunTime:0.000000s ]
[ sql ] [ SQL ] SHOW COLUMNS FROM `bycms_photo` [ RunTime:0.008000s ]
[ sql ] [ SQL ] SELECT * FROM `bycms_photo` WHERE  `id` = 88 LIMIT 1 [ RunTime:0.001000s ]
[ sql ] [ SQL ] UPDATE `bycms_document`  SET `view`=view+1  WHERE  `id` = 88 [ RunTime:0.001000s ]
[ sql ] [ SQL ] SELECT `id`,`pid` FROM `bycms_category` [ RunTime:0.000000s ]
[ sql ] [ SQL ] SELECT `id`,`pid` FROM `bycms_category` [ RunTime:0.001000s ]
[ sql ] [ SQL ] SELECT `id`,`pid` FROM `bycms_category` [ RunTime:0.000000s ]
[ sql ] [ SQL ] SHOW COLUMNS FROM `bycms_comment` [ RunTime:0.008000s ]
[ sql ] [ SQL ] SELECT COUNT(*) AS tp_count FROM `bycms_comment` WHERE  `doc_id` = 88 LIMIT 1 [ RunTime:0.001000s ]
[ sql ] [ SQL ] SELECT * FROM `bycms_comment` WHERE  `doc_id` = 88 ORDER BY id desc LIMIT 0,10 [ RunTime:0.001000s ]
[ sql ] [ SQL ] SELECT COUNT(*) AS tp_count FROM `bycms_comment` WHERE  `doc_id` = 88 ORDER BY id desc LIMIT 1 [ RunTime:0.001000s ]
[ sql ] [ SQL ] SELECT `name` FROM `bycms_models` WHERE  `id` = 1 LIMIT 1 [ RunTime:0.001000s ]
[ sql ] [ SQL ] SELECT * FROM `bycms_document` WHERE  `model_id` = 2  AND `id` < 88 ORDER BY id desc LIMIT 1 [ RunTime:0.001000s ]
[ sql ] [ SQL ] SELECT * FROM `bycms_document` WHERE  `model_id` = 2  AND `id` > 88 ORDER BY id asc LIMIT 1 [ RunTime:0.002000s ]
[ sql ] [ SQL ] SELECT * FROM `bycms_config` WHERE  `name` = 'WEB_SITE_TITLE' LIMIT 1 [ RunTime:0.001000s ]
[ sql ] [ SQL ] SELECT * FROM `bycms_config` WHERE  `name` = 'KEYWORD' LIMIT 1 [ RunTime:0.001000s ]
[ sql ] [ SQL ] SELECT * FROM `bycms_config` WHERE  `name` = 'DESCRIPTION' LIMIT 1 [ RunTime:0.001000s ]
[ sql ] [ SQL ] SELECT * FROM `bycms_config` WHERE  `name` = 'WEB_SITE_TITLE' LIMIT 1 [ RunTime:0.001000s ]
[ sql ] [ SQL ] SELECT * FROM `bycms_config` WHERE  `name` = 'LOGO' LIMIT 1 [ RunTime:0.001000s ]
[ sql ] [ SQL ] SHOW COLUMNS FROM `bycms_picture` [ RunTime:0.007001s ]
[ sql ] [ SQL ] SELECT * FROM `bycms_picture` WHERE  `id` = 330 LIMIT 1 [ RunTime:0.001000s ]
[ sql ] [ SQL ] SHOW COLUMNS FROM `bycms_channel` [ RunTime:0.007000s ]
[ sql ] [ SQL ] SELECT * FROM `bycms_channel` ORDER BY sort asc LIMIT 10 [ RunTime:0.001000s ]
[ sql ] [ SQL ] SELECT * FROM `bycms_category` WHERE  `id` = 159 LIMIT 1 [ RunTime:0.001000s ]
[ sql ] [ SQL ] SELECT * FROM `bycms_category` WHERE  `id` = 160 LIMIT 1 [ RunTime:0.001000s ]
[ sql ] [ SQL ] SELECT * FROM `bycms_category` WHERE  `id` = 161 LIMIT 1 [ RunTime:0.001000s ]
[ sql ] [ SQL ] SHOW COLUMNS FROM `bycms_ucenter_member` [ RunTime:0.009001s ]
[ sql ] [ SQL ] SELECT * FROM `bycms_ucenter_member` WHERE  `id` = 1 LIMIT 1 [ RunTime:0.000000s ]
[ sql ] [ SQL ] SELECT * FROM `bycms_document` WHERE  `model_id` = 1 ORDER BY view desc LIMIT 10 [ RunTime:0.002001s ]
[ sql ] [ SQL ] SHOW COLUMNS FROM `bycms_ad` [ RunTime:0.009001s ]
[ sql ] [ SQL ] SELECT * FROM `bycms_ad` WHERE  `place` = '2' [ RunTime:0.000000s ]
[ sql ] [ SQL ] SELECT * FROM `bycms_picture` WHERE  `id` = 189 LIMIT 1 [ RunTime:0.001000s ]
[ sql ] [ SQL ] SELECT * FROM `bycms_document` WHERE  `model_id` = 1 ORDER BY id desc LIMIT 10 [ RunTime:0.002000s ]
---------------------------------------------------------------
[ 2017-08-28T19:18:09+08:00 ] 127.0.0.1 127.0.0.1 GET /
[ info ] www.bycms.com/ [运行时间：0.386023s][吞吐率：2.59req/s] [内存消耗：3,243.30kb] [文件加载：46]
[ info ] [ LANG ] D:\wamp\www\bycms\thinkphp\lang\zh-cn.php
[ info ] [ ROUTE ] array (
  'type' => 'module',
  'module' => 
  array (
    0 => '',
    1 => NULL,
    2 => NULL,
  ),
)
[ info ] [ HEADER ] array (
  'host' => 'www.bycms.com',
  'connection' => 'keep-alive',
  'cache-control' => 'max-age=0',
  'accept' => 'text/html,application/xhtml+xml,application/xml;q=0.9,image/webp,*/*;q=0.8',
  'upgrade-insecure-requests' => '1',
  'user-agent' => 'Mozilla/5.0 (Windows NT 6.1; WOW64) AppleWebKit/537.36 (KHTML, like Gecko) Chrome/50.0.2661.102 Safari/537.36',
  'referer' => 'http://www.bycms.com/install.php/index/complete.html',
  'accept-encoding' => 'gzip, deflate, sdch',
  'accept-language' => 'zh-CN,zh;q=0.8',
  'cookie' => 'PHPSESSID=sm7m0bgkuuprdicpfomh75rnv1',
)
[ info ] [ PARAM ] array (
)
[ info ] [ DB ] INIT mysql
[ info ] [ SESSION ] INIT array (
  'id' => '',
  'var_session_id' => '',
  'prefix' => 'home',
  'type' => '',
  'auto_start' => true,
)
[ info ] [ RUN ] app\index\controller\Index->index[ D:\wamp\www\bycms\application\index\controller\Index.php ]
[ info ] [ VIEW ] D:\wamp\www\bycms/application/index\view\index\index.html [ array (
  0 => 'footer',
  1 => 'tree',
  2 => 'meta_title',
) ]
[ info ] [ LOG ] INIT File
[ sql ] [ DB ] CONNECT:[ UseTime:0.010000s ] mysql:dbname=bycms;host=127.0.0.1;port=3306;charset=utf8
[ sql ] [ SQL ] SHOW COLUMNS FROM `bycms_config` [ RunTime:0.008001s ]
[ sql ] [ SQL ] SELECT * FROM `bycms_config` WHERE  `name` = 'WEB_SITE_CLOSE' LIMIT 1 [ RunTime:0.001000s ]
[ sql ] [ SQL ] SHOW COLUMNS FROM `bycms_category` [ RunTime:0.007001s ]
[ sql ] [ SQL ] SELECT * FROM `bycms_category` WHERE  `type` = 1  AND `pid` > 0 ORDER BY sort asc [ RunTime:0.002000s ]
[ sql ] [ SQL ] SELECT `id`,`name`,`title`,`pid`,`sort`,`list_row`,`meta_title`,`keywords`,`description`,`template_index`,`template_lists`,`template_detail`,`template_edit`,`type`,`create_time`,`update_time`,`status`,`content`,`model_id` FROM `bycms_category` WHERE  `status` = 1  AND `type` = 0  AND `model_id` = 1 ORDER BY sort desc [ RunTime:0.002000s ]
[ sql ] [ SQL ] SELECT `id`,`pid` FROM `bycms_category` [ RunTime:0.001000s ]
[ sql ] [ SQL ] SELECT `id`,`pid` FROM `bycms_category` [ RunTime:0.001000s ]
[ sql ] [ SQL ] SELECT `id`,`pid` FROM `bycms_category` [ RunTime:0.001000s ]
[ sql ] [ SQL ] SHOW COLUMNS FROM `bycms_document` [ RunTime:0.007000s ]
[ sql ] [ SQL ] SELECT * FROM `bycms_document` WHERE  `category_id` IN (160,161,159)  AND `model_id` = 1 ORDER BY id desc LIMIT 5 [ RunTime:0.002000s ]
[ sql ] [ SQL ] SELECT `id`,`pid` FROM `bycms_category` [ RunTime:0.001000s ]
[ sql ] [ SQL ] SELECT `id`,`pid` FROM `bycms_category` [ RunTime:0.001000s ]
[ sql ] [ SQL ] SELECT `id`,`pid` FROM `bycms_category` [ RunTime:0.000000s ]
[ sql ] [ SQL ] SELECT `id`,`pid` FROM `bycms_category` [ RunTime:0.001000s ]
[ sql ] [ SQL ] SELECT * FROM `bycms_document` WHERE  `category_id` IN (165,166,177,162)  AND `model_id` = 1 ORDER BY id desc LIMIT 5 [ RunTime:0.001000s ]
[ sql ] [ SQL ] SELECT `id`,`pid` FROM `bycms_category` [ RunTime:0.001000s ]
[ sql ] [ SQL ] SELECT `id`,`pid` FROM `bycms_category` [ RunTime:0.000000s ]
[ sql ] [ SQL ] SELECT `id`,`pid` FROM `bycms_category` [ RunTime:0.001000s ]
[ sql ] [ SQL ] SELECT * FROM `bycms_document` WHERE  `category_id` IN (167,168,163)  AND `model_id` = 1 ORDER BY id desc LIMIT 5 [ RunTime:0.001000s ]
[ sql ] [ SQL ] SELECT `id`,`pid` FROM `bycms_category` [ RunTime:0.001000s ]
[ sql ] [ SQL ] SELECT `id`,`pid` FROM `bycms_category` [ RunTime:0.001000s ]
[ sql ] [ SQL ] SELECT `id`,`pid` FROM `bycms_category` [ RunTime:0.000000s ]
[ sql ] [ SQL ] SELECT `id`,`pid` FROM `bycms_category` [ RunTime:0.001000s ]
[ sql ] [ SQL ] SELECT `id`,`pid` FROM `bycms_category` [ RunTime:0.001000s ]
[ sql ] [ SQL ] SELECT `id`,`pid` FROM `bycms_category` [ RunTime:0.000000s ]
[ sql ] [ SQL ] SELECT * FROM `bycms_document` WHERE  `category_id` IN (169,170,171,178,179,164)  AND `model_id` = 1 ORDER BY id desc LIMIT 5 [ RunTime:0.002001s ]
[ sql ] [ SQL ] SHOW COLUMNS FROM `bycms_count` [ RunTime:0.007000s ]
[ sql ] [ SQL ] SELECT COUNT(*) AS tp_count FROM `bycms_count` WHERE  `model` = 'visitor'  AND `time` = 20170828 LIMIT 1 [ RunTime:0.001000s ]
[ sql ] [ SQL ] UPDATE `bycms_count`  SET `num`=1  WHERE  `model` = 'visitor'  AND `time` = 20170828 [ RunTime:0.002000s ]
[ sql ] [ SQL ] SELECT * FROM `bycms_config` WHERE  `name` = 'WEB_SITE_TITLE' LIMIT 1 [ RunTime:0.001000s ]
[ sql ] [ SQL ] SELECT * FROM `bycms_config` WHERE  `name` = 'KEYWORD' LIMIT 1 [ RunTime:0.001000s ]
[ sql ] [ SQL ] SELECT * FROM `bycms_config` WHERE  `name` = 'DESCRIPTION' LIMIT 1 [ RunTime:0.001000s ]
[ sql ] [ SQL ] SELECT * FROM `bycms_config` WHERE  `name` = 'WEB_SITE_TITLE' LIMIT 1 [ RunTime:0.001000s ]
[ sql ] [ SQL ] SELECT * FROM `bycms_config` WHERE  `name` = 'LOGO' LIMIT 1 [ RunTime:0.001000s ]
[ sql ] [ SQL ] SHOW COLUMNS FROM `bycms_picture` [ RunTime:0.007000s ]
[ sql ] [ SQL ] SELECT * FROM `bycms_picture` WHERE  `id` = 330 LIMIT 1 [ RunTime:0.001000s ]
[ sql ] [ SQL ] SHOW COLUMNS FROM `bycms_channel` [ RunTime:0.007001s ]
[ sql ] [ SQL ] SELECT * FROM `bycms_channel` ORDER BY sort asc LIMIT 10 [ RunTime:0.001000s ]
[ sql ] [ SQL ] SELECT * FROM `bycms_document` WHERE  `position` = 1 [ RunTime:0.001000s ]
[ sql ] [ SQL ] SELECT * FROM `bycms_picture` WHERE  `id` = 186 LIMIT 1 [ RunTime:0.001000s ]
[ sql ] [ SQL ] SELECT * FROM `bycms_document` WHERE  `model_id` = 1 ORDER BY view desc LIMIT 6 [ RunTime:0.001000s ]
[ sql ] [ SQL ] SHOW COLUMNS FROM `bycms_slide` [ RunTime:0.007001s ]
[ sql ] [ SQL ] SELECT * FROM `bycms_slide` WHERE  `place` = 0 ORDER BY sort desc LIMIT 5 [ RunTime:0.001000s ]
[ sql ] [ SQL ] SELECT * FROM `bycms_picture` WHERE  `id` = 296 LIMIT 1 [ RunTime:0.000000s ]
[ sql ] [ SQL ] SELECT * FROM `bycms_picture` WHERE  `id` = 177 LIMIT 1 [ RunTime:0.001000s ]
[ sql ] [ SQL ] SELECT * FROM `bycms_picture` WHERE  `id` = 176 LIMIT 1 [ RunTime:0.001001s ]
[ sql ] [ SQL ] SELECT * FROM `bycms_picture` WHERE  `id` = 220 LIMIT 1 [ RunTime:0.000000s ]
[ sql ] [ SQL ] SELECT * FROM `bycms_slide` WHERE  `place` = 0 ORDER BY sort desc LIMIT 5 [ RunTime:0.001000s ]
[ sql ] [ SQL ] SELECT * FROM `bycms_document` WHERE  `position` = 3 [ RunTime:0.001000s ]
[ sql ] [ SQL ] SELECT * FROM `bycms_document` WHERE  `position` = 4 [ RunTime:0.002000s ]
[ sql ] [ SQL ] SHOW COLUMNS FROM `bycms_ad` [ RunTime:0.007001s ]
[ sql ] [ SQL ] SELECT * FROM `bycms_ad` WHERE  `place` = '1' [ RunTime:0.000000s ]
[ sql ] [ SQL ] SELECT * FROM `bycms_picture` WHERE  `id` = 181 LIMIT 1 [ RunTime:0.001000s ]
[ sql ] [ SQL ] SELECT * FROM `bycms_document` WHERE  `model_id` = 2 ORDER BY view desc LIMIT 10 [ RunTime:0.001000s ]
[ sql ] [ SQL ] SELECT * FROM `bycms_picture` WHERE  `id` = 279 LIMIT 1 [ RunTime:0.001000s ]
[ sql ] [ SQL ] SELECT * FROM `bycms_picture` WHERE  `id` = 265 LIMIT 1 [ RunTime:0.001000s ]
[ sql ] [ SQL ] SELECT * FROM `bycms_picture` WHERE  `id` = 314 LIMIT 1 [ RunTime:0.001000s ]
[ sql ] [ SQL ] SELECT * FROM `bycms_picture` WHERE  `id` = 308 LIMIT 1 [ RunTime:0.001000s ]
[ sql ] [ SQL ] SELECT * FROM `bycms_picture` WHERE  `id` = 326 LIMIT 1 [ RunTime:0.001000s ]
[ sql ] [ SQL ] SELECT `id`,`pid` FROM `bycms_category` [ RunTime:0.001000s ]
[ sql ] [ SQL ] SELECT * FROM `bycms_document` WHERE  `category_id` IN (181) ORDER BY id desc LIMIT 2 [ RunTime:0.001000s ]
[ sql ] [ SQL ] SELECT * FROM `bycms_ad` WHERE  `place` = '2' [ RunTime:0.001000s ]
[ sql ] [ SQL ] SELECT * FROM `bycms_picture` WHERE  `id` = 189 LIMIT 1 [ RunTime:0.000000s ]
[ sql ] [ SQL ] SELECT * FROM `bycms_document` WHERE  `model_id` = 1 ORDER BY view desc LIMIT 10 [ RunTime:0.002000s ]
[ sql ] [ SQL ] SHOW COLUMNS FROM `bycms_friendlink` [ RunTime:0.009001s ]
[ sql ] [ SQL ] SELECT * FROM `bycms_friendlink` ORDER BY id desc LIMIT 10 [ RunTime:0.001000s ]
---------------------------------------------------------------
[ 2017-08-28T19:18:10+08:00 ] 127.0.0.1 127.0.0.1 GET /
[ info ] www.bycms.com/ [运行时间：0.387022s][吞吐率：2.58req/s] [内存消耗：3,243.51kb] [文件加载：46]
[ info ] [ LANG ] D:\wamp\www\bycms\thinkphp\lang\zh-cn.php
[ info ] [ ROUTE ] array (
  'type' => 'module',
  'module' => 
  array (
    0 => '',
    1 => NULL,
    2 => NULL,
  ),
)
[ info ] [ HEADER ] array (
  'host' => 'www.bycms.com',
  'connection' => 'keep-alive',
  'pragma' => 'no-cache',
  'cache-control' => 'no-cache',
  'accept' => 'text/html,application/xhtml+xml,application/xml;q=0.9,image/webp,*/*;q=0.8',
  'upgrade-insecure-requests' => '1',
  'user-agent' => 'Mozilla/5.0 (Windows NT 6.1; WOW64) AppleWebKit/537.36 (KHTML, like Gecko) Chrome/50.0.2661.102 Safari/537.36',
  'referer' => 'http://www.bycms.com/install.php/index/complete.html',
  'accept-encoding' => 'gzip, deflate, sdch',
  'accept-language' => 'zh-CN,zh;q=0.8',
  'cookie' => 'PHPSESSID=sm7m0bgkuuprdicpfomh75rnv1',
)
[ info ] [ PARAM ] array (
)
[ info ] [ DB ] INIT mysql
[ info ] [ SESSION ] INIT array (
  'id' => '',
  'var_session_id' => '',
  'prefix' => 'home',
  'type' => '',
  'auto_start' => true,
)
[ info ] [ RUN ] app\index\controller\Index->index[ D:\wamp\www\bycms\application\index\controller\Index.php ]
[ info ] [ VIEW ] D:\wamp\www\bycms/application/index\view\index\index.html [ array (
  0 => 'footer',
  1 => 'tree',
  2 => 'meta_title',
) ]
[ info ] [ LOG ] INIT File
[ sql ] [ DB ] CONNECT:[ UseTime:0.011000s ] mysql:dbname=bycms;host=127.0.0.1;port=3306;charset=utf8
[ sql ] [ SQL ] SHOW COLUMNS FROM `bycms_config` [ RunTime:0.007001s ]
[ sql ] [ SQL ] SELECT * FROM `bycms_config` WHERE  `name` = 'WEB_SITE_CLOSE' LIMIT 1 [ RunTime:0.001000s ]
[ sql ] [ SQL ] SHOW COLUMNS FROM `bycms_category` [ RunTime:0.007000s ]
[ sql ] [ SQL ] SELECT * FROM `bycms_category` WHERE  `type` = 1  AND `pid` > 0 ORDER BY sort asc [ RunTime:0.001000s ]
[ sql ] [ SQL ] SELECT `id`,`name`,`title`,`pid`,`sort`,`list_row`,`meta_title`,`keywords`,`description`,`template_index`,`template_lists`,`template_detail`,`template_edit`,`type`,`create_time`,`update_time`,`status`,`content`,`model_id` FROM `bycms_category` WHERE  `status` = 1  AND `type` = 0  AND `model_id` = 1 ORDER BY sort desc [ RunTime:0.002000s ]
[ sql ] [ SQL ] SELECT `id`,`pid` FROM `bycms_category` [ RunTime:0.001000s ]
[ sql ] [ SQL ] SELECT `id`,`pid` FROM `bycms_category` [ RunTime:0.001000s ]
[ sql ] [ SQL ] SELECT `id`,`pid` FROM `bycms_category` [ RunTime:0.001000s ]
[ sql ] [ SQL ] SHOW COLUMNS FROM `bycms_document` [ RunTime:0.008000s ]
[ sql ] [ SQL ] SELECT * FROM `bycms_document` WHERE  `category_id` IN (160,161,159)  AND `model_id` = 1 ORDER BY id desc LIMIT 5 [ RunTime:0.001000s ]
[ sql ] [ SQL ] SELECT `id`,`pid` FROM `bycms_category` [ RunTime:0.001000s ]
[ sql ] [ SQL ] SELECT `id`,`pid` FROM `bycms_category` [ RunTime:0.001000s ]
[ sql ] [ SQL ] SELECT `id`,`pid` FROM `bycms_category` [ RunTime:0.001000s ]
[ sql ] [ SQL ] SELECT `id`,`pid` FROM `bycms_category` [ RunTime:0.001000s ]
[ sql ] [ SQL ] SELECT * FROM `bycms_document` WHERE  `category_id` IN (165,166,177,162)  AND `model_id` = 1 ORDER BY id desc LIMIT 5 [ RunTime:0.002000s ]
[ sql ] [ SQL ] SELECT `id`,`pid` FROM `bycms_category` [ RunTime:0.001001s ]
[ sql ] [ SQL ] SELECT `id`,`pid` FROM `bycms_category` [ RunTime:0.001000s ]
[ sql ] [ SQL ] SELECT `id`,`pid` FROM `bycms_category` [ RunTime:0.000000s ]
[ sql ] [ SQL ] SELECT * FROM `bycms_document` WHERE  `category_id` IN (167,168,163)  AND `model_id` = 1 ORDER BY id desc LIMIT 5 [ RunTime:0.001000s ]
[ sql ] [ SQL ] SELECT `id`,`pid` FROM `bycms_category` [ RunTime:0.001000s ]
[ sql ] [ SQL ] SELECT `id`,`pid` FROM `bycms_category` [ RunTime:0.001000s ]
[ sql ] [ SQL ] SELECT `id`,`pid` FROM `bycms_category` [ RunTime:0.001000s ]
[ sql ] [ SQL ] SELECT `id`,`pid` FROM `bycms_category` [ RunTime:0.001000s ]
[ sql ] [ SQL ] SELECT `id`,`pid` FROM `bycms_category` [ RunTime:0.001000s ]
[ sql ] [ SQL ] SELECT `id`,`pid` FROM `bycms_category` [ RunTime:0.001000s ]
[ sql ] [ SQL ] SELECT * FROM `bycms_document` WHERE  `category_id` IN (169,170,171,178,179,164)  AND `model_id` = 1 ORDER BY id desc LIMIT 5 [ RunTime:0.002000s ]
[ sql ] [ SQL ] SHOW COLUMNS FROM `bycms_count` [ RunTime:0.007001s ]
[ sql ] [ SQL ] SELECT COUNT(*) AS tp_count FROM `bycms_count` WHERE  `model` = 'visitor'  AND `time` = 20170828 LIMIT 1 [ RunTime:0.000000s ]
[ sql ] [ SQL ] UPDATE `bycms_count`  SET `num`=1  WHERE  `model` = 'visitor'  AND `time` = 20170828 [ RunTime:0.002000s ]
[ sql ] [ SQL ] SELECT * FROM `bycms_config` WHERE  `name` = 'WEB_SITE_TITLE' LIMIT 1 [ RunTime:0.001000s ]
[ sql ] [ SQL ] SELECT * FROM `bycms_config` WHERE  `name` = 'KEYWORD' LIMIT 1 [ RunTime:0.001000s ]
[ sql ] [ SQL ] SELECT * FROM `bycms_config` WHERE  `name` = 'DESCRIPTION' LIMIT 1 [ RunTime:0.001000s ]
[ sql ] [ SQL ] SELECT * FROM `bycms_config` WHERE  `name` = 'WEB_SITE_TITLE' LIMIT 1 [ RunTime:0.001000s ]
[ sql ] [ SQL ] SELECT * FROM `bycms_config` WHERE  `name` = 'LOGO' LIMIT 1 [ RunTime:0.001000s ]
[ sql ] [ SQL ] SHOW COLUMNS FROM `bycms_picture` [ RunTime:0.007000s ]
[ sql ] [ SQL ] SELECT * FROM `bycms_picture` WHERE  `id` = 330 LIMIT 1 [ RunTime:0.001000s ]
[ sql ] [ SQL ] SHOW COLUMNS FROM `bycms_channel` [ RunTime:0.008001s ]
[ sql ] [ SQL ] SELECT * FROM `bycms_channel` ORDER BY sort asc LIMIT 10 [ RunTime:0.001000s ]
[ sql ] [ SQL ] SELECT * FROM `bycms_document` WHERE  `position` = 1 [ RunTime:0.001000s ]
[ sql ] [ SQL ] SELECT * FROM `bycms_picture` WHERE  `id` = 186 LIMIT 1 [ RunTime:0.001000s ]
[ sql ] [ SQL ] SELECT * FROM `bycms_document` WHERE  `model_id` = 1 ORDER BY view desc LIMIT 6 [ RunTime:0.001001s ]
[ sql ] [ SQL ] SHOW COLUMNS FROM `bycms_slide` [ RunTime:0.008001s ]
[ sql ] [ SQL ] SELECT * FROM `bycms_slide` WHERE  `place` = 0 ORDER BY sort desc LIMIT 5 [ RunTime:0.001000s ]
[ sql ] [ SQL ] SELECT * FROM `bycms_picture` WHERE  `id` = 296 LIMIT 1 [ RunTime:0.001000s ]
[ sql ] [ SQL ] SELECT * FROM `bycms_picture` WHERE  `id` = 177 LIMIT 1 [ RunTime:0.001000s ]
[ sql ] [ SQL ] SELECT * FROM `bycms_picture` WHERE  `id` = 176 LIMIT 1 [ RunTime:0.001000s ]
[ sql ] [ SQL ] SELECT * FROM `bycms_picture` WHERE  `id` = 220 LIMIT 1 [ RunTime:0.001000s ]
[ sql ] [ SQL ] SELECT * FROM `bycms_slide` WHERE  `place` = 0 ORDER BY sort desc LIMIT 5 [ RunTime:0.000000s ]
[ sql ] [ SQL ] SELECT * FROM `bycms_document` WHERE  `position` = 3 [ RunTime:0.001000s ]
[ sql ] [ SQL ] SELECT * FROM `bycms_document` WHERE  `position` = 4 [ RunTime:0.001000s ]
[ sql ] [ SQL ] SHOW COLUMNS FROM `bycms_ad` [ RunTime:0.007001s ]
[ sql ] [ SQL ] SELECT * FROM `bycms_ad` WHERE  `place` = '1' [ RunTime:0.001000s ]
[ sql ] [ SQL ] SELECT * FROM `bycms_picture` WHERE  `id` = 181 LIMIT 1 [ RunTime:0.001000s ]
[ sql ] [ SQL ] SELECT * FROM `bycms_document` WHERE  `model_id` = 2 ORDER BY view desc LIMIT 10 [ RunTime:0.001000s ]
[ sql ] [ SQL ] SELECT * FROM `bycms_picture` WHERE  `id` = 279 LIMIT 1 [ RunTime:0.001000s ]
[ sql ] [ SQL ] SELECT * FROM `bycms_picture` WHERE  `id` = 265 LIMIT 1 [ RunTime:0.001000s ]
[ sql ] [ SQL ] SELECT * FROM `bycms_picture` WHERE  `id` = 314 LIMIT 1 [ RunTime:0.001000s ]
[ sql ] [ SQL ] SELECT * FROM `bycms_picture` WHERE  `id` = 308 LIMIT 1 [ RunTime:0.001000s ]
[ sql ] [ SQL ] SELECT * FROM `bycms_picture` WHERE  `id` = 326 LIMIT 1 [ RunTime:0.000000s ]
[ sql ] [ SQL ] SELECT `id`,`pid` FROM `bycms_category` [ RunTime:0.000000s ]
[ sql ] [ SQL ] SELECT * FROM `bycms_document` WHERE  `category_id` IN (181) ORDER BY id desc LIMIT 2 [ RunTime:0.001000s ]
[ sql ] [ SQL ] SELECT * FROM `bycms_ad` WHERE  `place` = '2' [ RunTime:0.001000s ]
[ sql ] [ SQL ] SELECT * FROM `bycms_picture` WHERE  `id` = 189 LIMIT 1 [ RunTime:0.000000s ]
[ sql ] [ SQL ] SELECT * FROM `bycms_document` WHERE  `model_id` = 1 ORDER BY view desc LIMIT 10 [ RunTime:0.002000s ]
[ sql ] [ SQL ] SHOW COLUMNS FROM `bycms_friendlink` [ RunTime:0.009001s ]
[ sql ] [ SQL ] SELECT * FROM `bycms_friendlink` ORDER BY id desc LIMIT 10 [ RunTime:0.000000s ]
---------------------------------------------------------------
[ 2017-08-28T19:18:13+08:00 ] 127.0.0.1 127.0.0.1 GET /index/article/detail/id/88.html
[ info ] www.bycms.com/index/article/detail/id/88.html [运行时间：0.430024s][吞吐率：2.33req/s] [内存消耗：3,365.35kb] [文件加载：53]
[ info ] [ LANG ] D:\wamp\www\bycms\thinkphp\lang\zh-cn.php
[ info ] [ ROUTE ] array (
  'type' => 'module',
  'module' => 
  array (
    0 => 'index',
    1 => 'article',
    2 => 'detail',
  ),
)
[ info ] [ HEADER ] array (
  'host' => 'www.bycms.com',
  'connection' => 'keep-alive',
  'accept' => 'text/html,application/xhtml+xml,application/xml;q=0.9,image/webp,*/*;q=0.8',
  'upgrade-insecure-requests' => '1',
  'user-agent' => 'Mozilla/5.0 (Windows NT 6.1; WOW64) AppleWebKit/537.36 (KHTML, like Gecko) Chrome/50.0.2661.102 Safari/537.36',
  'referer' => 'http://www.bycms.com/',
  'accept-encoding' => 'gzip, deflate, sdch',
  'accept-language' => 'zh-CN,zh;q=0.8',
  'cookie' => 'PHPSESSID=sm7m0bgkuuprdicpfomh75rnv1',
)
[ info ] [ PARAM ] array (
  '/index/article/detail/id/88_html' => '',
  'id' => '88',
)
[ info ] [ DB ] INIT mysql
[ info ] [ SESSION ] INIT array (
  'id' => '',
  'var_session_id' => '',
  'prefix' => 'home',
  'type' => '',
  'auto_start' => true,
)
[ info ] [ RUN ] app\index\controller\Article->detail[ D:\wamp\www\bycms\application\index\controller\Article.php ]
[ info ] [ CACHE ] INIT File
[ info ] [ VIEW ] D:\wamp\www\bycms/application/index\view\model\document_detail.html [ array (
  0 => 'footer',
  1 => 'pid',
  2 => 'meta_title',
  3 => 'res',
  4 => 'info',
  5 => 'pre',
  6 => 'next',
) ]
[ info ] [ LOG ] INIT File
[ sql ] [ DB ] CONNECT:[ UseTime:0.010000s ] mysql:dbname=bycms;host=127.0.0.1;port=3306;charset=utf8
[ sql ] [ SQL ] SHOW COLUMNS FROM `bycms_config` [ RunTime:0.020001s ]
[ sql ] [ SQL ] SELECT * FROM `bycms_config` WHERE  `name` = 'WEB_SITE_CLOSE' LIMIT 1 [ RunTime:0.001000s ]
[ sql ] [ SQL ] SHOW COLUMNS FROM `bycms_category` [ RunTime:0.021001s ]
[ sql ] [ SQL ] SELECT * FROM `bycms_category` WHERE  `type` = 1  AND `pid` > 0 ORDER BY sort asc [ RunTime:0.002000s ]
[ sql ] [ SQL ] SHOW COLUMNS FROM `bycms_document` [ RunTime:0.020002s ]
[ sql ] [ SQL ] SELECT `id`,`uid`,`title`,`category_id`,`cover_id`,`view`,`create_time`,`update_time`,`status`,`content`,`sort`,`description`,`comments`,`position`,`model_id` FROM `bycms_document` WHERE  `id` = 88 LIMIT 1 [ RunTime:0.001000s ]
[ sql ] [ SQL ] SHOW COLUMNS FROM `bycms_models` [ RunTime:0.020001s ]
[ sql ] [ SQL ] SELECT `name` FROM `bycms_models` WHERE  `id` = 1 LIMIT 1 [ RunTime:0.001000s ]
[ sql ] [ SQL ] SELECT * FROM `bycms_document` WHERE  `id` = 88 LIMIT 1 [ RunTime:0.001000s ]
[ sql ] [ SQL ] SELECT * FROM `bycms_document` WHERE  `id` = 88 LIMIT 1 [ RunTime:0.001000s ]
[ sql ] [ SQL ] SHOW COLUMNS FROM `bycms_photo` [ RunTime:0.021001s ]
[ sql ] [ SQL ] SELECT * FROM `bycms_photo` WHERE  `id` = 88 LIMIT 1 [ RunTime:0.001000s ]
[ sql ] [ SQL ] UPDATE `bycms_document`  SET `view`=view+1  WHERE  `id` = 88 [ RunTime:0.001000s ]
[ sql ] [ SQL ] SELECT `id`,`pid` FROM `bycms_category` [ RunTime:0.001000s ]
[ sql ] [ SQL ] SELECT `id`,`pid` FROM `bycms_category` [ RunTime:0.001000s ]
[ sql ] [ SQL ] SELECT `id`,`pid` FROM `bycms_category` [ RunTime:0.001000s ]
[ sql ] [ SQL ] SHOW COLUMNS FROM `bycms_comment` [ RunTime:0.021001s ]
[ sql ] [ SQL ] SELECT COUNT(*) AS tp_count FROM `bycms_comment` WHERE  `doc_id` = 88 LIMIT 1 [ RunTime:0.001000s ]
[ sql ] [ SQL ] SELECT * FROM `bycms_comment` WHERE  `doc_id` = 88 ORDER BY id desc LIMIT 0,10 [ RunTime:0.001000s ]
[ sql ] [ SQL ] SELECT COUNT(*) AS tp_count FROM `bycms_comment` WHERE  `doc_id` = 88 ORDER BY id desc LIMIT 1 [ RunTime:0.001000s ]
[ sql ] [ SQL ] SELECT `name` FROM `bycms_models` WHERE  `id` = 1 LIMIT 1 [ RunTime:0.001000s ]
[ sql ] [ SQL ] SELECT * FROM `bycms_document` WHERE  `model_id` = 2  AND `id` < 88 ORDER BY id desc LIMIT 1 [ RunTime:0.001000s ]
[ sql ] [ SQL ] SELECT * FROM `bycms_document` WHERE  `model_id` = 2  AND `id` > 88 ORDER BY id asc LIMIT 1 [ RunTime:0.002000s ]
[ sql ] [ SQL ] SELECT * FROM `bycms_config` WHERE  `name` = 'WEB_SITE_TITLE' LIMIT 1 [ RunTime:0.001001s ]
[ sql ] [ SQL ] SELECT * FROM `bycms_config` WHERE  `name` = 'KEYWORD' LIMIT 1 [ RunTime:0.001000s ]
[ sql ] [ SQL ] SELECT * FROM `bycms_config` WHERE  `name` = 'DESCRIPTION' LIMIT 1 [ RunTime:0.001000s ]
[ sql ] [ SQL ] SELECT * FROM `bycms_config` WHERE  `name` = 'WEB_SITE_TITLE' LIMIT 1 [ RunTime:0.001000s ]
[ sql ] [ SQL ] SELECT * FROM `bycms_config` WHERE  `name` = 'LOGO' LIMIT 1 [ RunTime:0.002000s ]
[ sql ] [ SQL ] SHOW COLUMNS FROM `bycms_picture` [ RunTime:0.020001s ]
[ sql ] [ SQL ] SELECT * FROM `bycms_picture` WHERE  `id` = 330 LIMIT 1 [ RunTime:0.001000s ]
[ sql ] [ SQL ] SHOW COLUMNS FROM `bycms_channel` [ RunTime:0.021001s ]
[ sql ] [ SQL ] SELECT * FROM `bycms_channel` ORDER BY sort asc LIMIT 10 [ RunTime:0.001000s ]
[ sql ] [ SQL ] SELECT * FROM `bycms_category` WHERE  `id` = 159 LIMIT 1 [ RunTime:0.002000s ]
[ sql ] [ SQL ] SELECT * FROM `bycms_category` WHERE  `id` = 160 LIMIT 1 [ RunTime:0.001000s ]
[ sql ] [ SQL ] SELECT * FROM `bycms_category` WHERE  `id` = 161 LIMIT 1 [ RunTime:0.001000s ]
[ sql ] [ SQL ] SHOW COLUMNS FROM `bycms_ucenter_member` [ RunTime:0.021001s ]
[ sql ] [ SQL ] SELECT * FROM `bycms_ucenter_member` WHERE  `id` = 1 LIMIT 1 [ RunTime:0.001000s ]
[ sql ] [ SQL ] SELECT * FROM `bycms_document` WHERE  `model_id` = 1 ORDER BY view desc LIMIT 10 [ RunTime:0.002000s ]
[ sql ] [ SQL ] SHOW COLUMNS FROM `bycms_ad` [ RunTime:0.020001s ]
[ sql ] [ SQL ] SELECT * FROM `bycms_ad` WHERE  `place` = '2' [ RunTime:0.001000s ]
[ sql ] [ SQL ] SELECT * FROM `bycms_picture` WHERE  `id` = 189 LIMIT 1 [ RunTime:0.001000s ]
[ sql ] [ SQL ] SELECT * FROM `bycms_document` WHERE  `model_id` = 1 ORDER BY id desc LIMIT 10 [ RunTime:0.002000s ]
---------------------------------------------------------------
[ 2017-08-28T19:18:21+08:00 ] 127.0.0.1 127.0.0.1 GET /
[ info ] www.bycms.com/ [运行时间：0.492028s][吞吐率：2.03req/s] [内存消耗：3,243.09kb] [文件加载：46]
[ info ] [ LANG ] D:\wamp\www\bycms\thinkphp\lang\zh-cn.php
[ info ] [ ROUTE ] array (
  'type' => 'module',
  'module' => 
  array (
    0 => '',
    1 => NULL,
    2 => NULL,
  ),
)
[ info ] [ HEADER ] array (
  'host' => 'www.bycms.com',
  'connection' => 'keep-alive',
  'accept' => 'text/html,application/xhtml+xml,application/xml;q=0.9,image/webp,*/*;q=0.8',
  'upgrade-insecure-requests' => '1',
  'user-agent' => 'Mozilla/5.0 (Windows NT 6.1; WOW64) AppleWebKit/537.36 (KHTML, like Gecko) Chrome/50.0.2661.102 Safari/537.36',
  'referer' => 'http://www.bycms.com/install.php/index/complete.html',
  'accept-encoding' => 'gzip, deflate, sdch',
  'accept-language' => 'zh-CN,zh;q=0.8',
  'cookie' => 'PHPSESSID=sm7m0bgkuuprdicpfomh75rnv1',
)
[ info ] [ PARAM ] array (
)
[ info ] [ DB ] INIT mysql
[ info ] [ SESSION ] INIT array (
  'id' => '',
  'var_session_id' => '',
  'prefix' => 'home',
  'type' => '',
  'auto_start' => true,
)
[ info ] [ RUN ] app\index\controller\Index->index[ D:\wamp\www\bycms\application\index\controller\Index.php ]
[ info ] [ VIEW ] D:\wamp\www\bycms/application/index\view\index\index.html [ array (
  0 => 'footer',
  1 => 'tree',
  2 => 'meta_title',
) ]
[ info ] [ LOG ] INIT File
[ sql ] [ DB ] CONNECT:[ UseTime:0.010000s ] mysql:dbname=bycms;host=127.0.0.1;port=3306;charset=utf8
[ sql ] [ SQL ] SHOW COLUMNS FROM `bycms_config` [ RunTime:0.020001s ]
[ sql ] [ SQL ] SELECT * FROM `bycms_config` WHERE  `name` = 'WEB_SITE_CLOSE' LIMIT 1 [ RunTime:0.001000s ]
[ sql ] [ SQL ] SHOW COLUMNS FROM `bycms_category` [ RunTime:0.019001s ]
[ sql ] [ SQL ] SELECT * FROM `bycms_category` WHERE  `type` = 1  AND `pid` > 0 ORDER BY sort asc [ RunTime:0.001000s ]
[ sql ] [ SQL ] SELECT `id`,`name`,`title`,`pid`,`sort`,`list_row`,`meta_title`,`keywords`,`description`,`template_index`,`template_lists`,`template_detail`,`template_edit`,`type`,`create_time`,`update_time`,`status`,`content`,`model_id` FROM `bycms_category` WHERE  `status` = 1  AND `type` = 0  AND `model_id` = 1 ORDER BY sort desc [ RunTime:0.001001s ]
[ sql ] [ SQL ] SELECT `id`,`pid` FROM `bycms_category` [ RunTime:0.001000s ]
[ sql ] [ SQL ] SELECT `id`,`pid` FROM `bycms_category` [ RunTime:0.001000s ]
[ sql ] [ SQL ] SELECT `id`,`pid` FROM `bycms_category` [ RunTime:0.001000s ]
[ sql ] [ SQL ] SHOW COLUMNS FROM `bycms_document` [ RunTime:0.020001s ]
[ sql ] [ SQL ] SELECT * FROM `bycms_document` WHERE  `category_id` IN (160,161,159)  AND `model_id` = 1 ORDER BY id desc LIMIT 5 [ RunTime:0.002000s ]
[ sql ] [ SQL ] SELECT `id`,`pid` FROM `bycms_category` [ RunTime:0.001000s ]
[ sql ] [ SQL ] SELECT `id`,`pid` FROM `bycms_category` [ RunTime:0.001000s ]
[ sql ] [ SQL ] SELECT `id`,`pid` FROM `bycms_category` [ RunTime:0.001000s ]
[ sql ] [ SQL ] SELECT `id`,`pid` FROM `bycms_category` [ RunTime:0.001000s ]
[ sql ] [ SQL ] SELECT * FROM `bycms_document` WHERE  `category_id` IN (165,166,177,162)  AND `model_id` = 1 ORDER BY id desc LIMIT 5 [ RunTime:0.001000s ]
[ sql ] [ SQL ] SELECT `id`,`pid` FROM `bycms_category` [ RunTime:0.001001s ]
[ sql ] [ SQL ] SELECT `id`,`pid` FROM `bycms_category` [ RunTime:0.001000s ]
[ sql ] [ SQL ] SELECT `id`,`pid` FROM `bycms_category` [ RunTime:0.001000s ]
[ sql ] [ SQL ] SELECT * FROM `bycms_document` WHERE  `category_id` IN (167,168,163)  AND `model_id` = 1 ORDER BY id desc LIMIT 5 [ RunTime:0.002000s ]
[ sql ] [ SQL ] SELECT `id`,`pid` FROM `bycms_category` [ RunTime:0.000000s ]
[ sql ] [ SQL ] SELECT `id`,`pid` FROM `bycms_category` [ RunTime:0.001000s ]
[ sql ] [ SQL ] SELECT `id`,`pid` FROM `bycms_category` [ RunTime:0.000000s ]
[ sql ] [ SQL ] SELECT `id`,`pid` FROM `bycms_category` [ RunTime:0.000000s ]
[ sql ] [ SQL ] SELECT `id`,`pid` FROM `bycms_category` [ RunTime:0.000000s ]
[ sql ] [ SQL ] SELECT `id`,`pid` FROM `bycms_category` [ RunTime:0.001000s ]
[ sql ] [ SQL ] SELECT * FROM `bycms_document` WHERE  `category_id` IN (169,170,171,178,179,164)  AND `model_id` = 1 ORDER BY id desc LIMIT 5 [ RunTime:0.001000s ]
[ sql ] [ SQL ] SHOW COLUMNS FROM `bycms_count` [ RunTime:0.020001s ]
[ sql ] [ SQL ] SELECT COUNT(*) AS tp_count FROM `bycms_count` WHERE  `model` = 'visitor'  AND `time` = 20170828 LIMIT 1 [ RunTime:0.001000s ]
[ sql ] [ SQL ] UPDATE `bycms_count`  SET `num`=1  WHERE  `model` = 'visitor'  AND `time` = 20170828 [ RunTime:0.002000s ]
[ sql ] [ SQL ] SELECT * FROM `bycms_config` WHERE  `name` = 'WEB_SITE_TITLE' LIMIT 1 [ RunTime:0.001000s ]
[ sql ] [ SQL ] SELECT * FROM `bycms_config` WHERE  `name` = 'KEYWORD' LIMIT 1 [ RunTime:0.001000s ]
[ sql ] [ SQL ] SELECT * FROM `bycms_config` WHERE  `name` = 'DESCRIPTION' LIMIT 1 [ RunTime:0.001000s ]
[ sql ] [ SQL ] SELECT * FROM `bycms_config` WHERE  `name` = 'WEB_SITE_TITLE' LIMIT 1 [ RunTime:0.000000s ]
[ sql ] [ SQL ] SELECT * FROM `bycms_config` WHERE  `name` = 'LOGO' LIMIT 1 [ RunTime:0.000000s ]
[ sql ] [ SQL ] SHOW COLUMNS FROM `bycms_picture` [ RunTime:0.019001s ]
[ sql ] [ SQL ] SELECT * FROM `bycms_picture` WHERE  `id` = 330 LIMIT 1 [ RunTime:0.001000s ]
[ sql ] [ SQL ] SHOW COLUMNS FROM `bycms_channel` [ RunTime:0.020001s ]
[ sql ] [ SQL ] SELECT * FROM `bycms_channel` ORDER BY sort asc LIMIT 10 [ RunTime:0.001000s ]
[ sql ] [ SQL ] SELECT * FROM `bycms_document` WHERE  `position` = 1 [ RunTime:0.001000s ]
[ sql ] [ SQL ] SELECT * FROM `bycms_picture` WHERE  `id` = 186 LIMIT 1 [ RunTime:0.001000s ]
[ sql ] [ SQL ] SELECT * FROM `bycms_document` WHERE  `model_id` = 1 ORDER BY view desc LIMIT 6 [ RunTime:0.002001s ]
[ sql ] [ SQL ] SHOW COLUMNS FROM `bycms_slide` [ RunTime:0.021001s ]
[ sql ] [ SQL ] SELECT * FROM `bycms_slide` WHERE  `place` = 0 ORDER BY sort desc LIMIT 5 [ RunTime:0.001000s ]
[ sql ] [ SQL ] SELECT * FROM `bycms_picture` WHERE  `id` = 296 LIMIT 1 [ RunTime:0.001000s ]
[ sql ] [ SQL ] SELECT * FROM `bycms_picture` WHERE  `id` = 177 LIMIT 1 [ RunTime:0.000000s ]
[ sql ] [ SQL ] SELECT * FROM `bycms_picture` WHERE  `id` = 176 LIMIT 1 [ RunTime:0.001000s ]
[ sql ] [ SQL ] SELECT * FROM `bycms_picture` WHERE  `id` = 220 LIMIT 1 [ RunTime:0.001000s ]
[ sql ] [ SQL ] SELECT * FROM `bycms_slide` WHERE  `place` = 0 ORDER BY sort desc LIMIT 5 [ RunTime:0.001000s ]
[ sql ] [ SQL ] SELECT * FROM `bycms_document` WHERE  `position` = 3 [ RunTime:0.000000s ]
[ sql ] [ SQL ] SELECT * FROM `bycms_document` WHERE  `position` = 4 [ RunTime:0.001000s ]
[ sql ] [ SQL ] SHOW COLUMNS FROM `bycms_ad` [ RunTime:0.022001s ]
[ sql ] [ SQL ] SELECT * FROM `bycms_ad` WHERE  `place` = '1' [ RunTime:0.001000s ]
[ sql ] [ SQL ] SELECT * FROM `bycms_picture` WHERE  `id` = 181 LIMIT 1 [ RunTime:0.001000s ]
[ sql ] [ SQL ] SELECT * FROM `bycms_document` WHERE  `model_id` = 2 ORDER BY view desc LIMIT 10 [ RunTime:0.001000s ]
[ sql ] [ SQL ] SELECT * FROM `bycms_picture` WHERE  `id` = 279 LIMIT 1 [ RunTime:0.001000s ]
[ sql ] [ SQL ] SELECT * FROM `bycms_picture` WHERE  `id` = 265 LIMIT 1 [ RunTime:0.001000s ]
[ sql ] [ SQL ] SELECT * FROM `bycms_picture` WHERE  `id` = 314 LIMIT 1 [ RunTime:0.000000s ]
[ sql ] [ SQL ] SELECT * FROM `bycms_picture` WHERE  `id` = 308 LIMIT 1 [ RunTime:0.000000s ]
[ sql ] [ SQL ] SELECT * FROM `bycms_picture` WHERE  `id` = 326 LIMIT 1 [ RunTime:0.001000s ]
[ sql ] [ SQL ] SELECT `id`,`pid` FROM `bycms_category` [ RunTime:0.001000s ]
[ sql ] [ SQL ] SELECT * FROM `bycms_document` WHERE  `category_id` IN (181) ORDER BY id desc LIMIT 2 [ RunTime:0.001001s ]
[ sql ] [ SQL ] SELECT * FROM `bycms_ad` WHERE  `place` = '2' [ RunTime:0.001000s ]
[ sql ] [ SQL ] SELECT * FROM `bycms_picture` WHERE  `id` = 189 LIMIT 1 [ RunTime:0.001000s ]
[ sql ] [ SQL ] SELECT * FROM `bycms_document` WHERE  `model_id` = 1 ORDER BY view desc LIMIT 10 [ RunTime:0.002000s ]
[ sql ] [ SQL ] SHOW COLUMNS FROM `bycms_friendlink` [ RunTime:0.020001s ]
[ sql ] [ SQL ] SELECT * FROM `bycms_friendlink` ORDER BY id desc LIMIT 10 [ RunTime:0.000000s ]
---------------------------------------------------------------
[ 2017-08-28T19:18:23+08:00 ] 127.0.0.1 127.0.0.1 GET /index/article/detail/id/93.html
[ info ] www.bycms.com/index/article/detail/id/93.html [运行时间：0.391023s][吞吐率：2.56req/s] [内存消耗：3,368.95kb] [文件加载：53]
[ info ] [ LANG ] D:\wamp\www\bycms\thinkphp\lang\zh-cn.php
[ info ] [ ROUTE ] array (
  'type' => 'module',
  'module' => 
  array (
    0 => 'index',
    1 => 'article',
    2 => 'detail',
  ),
)
[ info ] [ HEADER ] array (
  'host' => 'www.bycms.com',
  'connection' => 'keep-alive',
  'accept' => 'text/html,application/xhtml+xml,application/xml;q=0.9,image/webp,*/*;q=0.8',
  'upgrade-insecure-requests' => '1',
  'user-agent' => 'Mozilla/5.0 (Windows NT 6.1; WOW64) AppleWebKit/537.36 (KHTML, like Gecko) Chrome/50.0.2661.102 Safari/537.36',
  'referer' => 'http://www.bycms.com/',
  'accept-encoding' => 'gzip, deflate, sdch',
  'accept-language' => 'zh-CN,zh;q=0.8',
  'cookie' => 'PHPSESSID=sm7m0bgkuuprdicpfomh75rnv1',
)
[ info ] [ PARAM ] array (
  '/index/article/detail/id/93_html' => '',
  'id' => '93',
)
[ info ] [ DB ] INIT mysql
[ info ] [ SESSION ] INIT array (
  'id' => '',
  'var_session_id' => '',
  'prefix' => 'home',
  'type' => '',
  'auto_start' => true,
)
[ info ] [ RUN ] app\index\controller\Article->detail[ D:\wamp\www\bycms\application\index\controller\Article.php ]
[ info ] [ CACHE ] INIT File
[ info ] [ VIEW ] D:\wamp\www\bycms/application/index\view\model\document_detail.html [ array (
  0 => 'footer',
  1 => 'pid',
  2 => 'meta_title',
  3 => 'res',
  4 => 'info',
  5 => 'pre',
  6 => 'next',
) ]
[ info ] [ LOG ] INIT File
[ sql ] [ DB ] CONNECT:[ UseTime:0.010001s ] mysql:dbname=bycms;host=127.0.0.1;port=3306;charset=utf8
[ sql ] [ SQL ] SHOW COLUMNS FROM `bycms_config` [ RunTime:0.020001s ]
[ sql ] [ SQL ] SELECT * FROM `bycms_config` WHERE  `name` = 'WEB_SITE_CLOSE' LIMIT 1 [ RunTime:0.002000s ]
[ sql ] [ SQL ] SHOW COLUMNS FROM `bycms_category` [ RunTime:0.020001s ]
[ sql ] [ SQL ] SELECT * FROM `bycms_category` WHERE  `type` = 1  AND `pid` > 0 ORDER BY sort asc [ RunTime:0.001000s ]
[ sql ] [ SQL ] SHOW COLUMNS FROM `bycms_document` [ RunTime:0.021001s ]
[ sql ] [ SQL ] SELECT `id`,`uid`,`title`,`category_id`,`cover_id`,`view`,`create_time`,`update_time`,`status`,`content`,`sort`,`description`,`comments`,`position`,`model_id` FROM `bycms_document` WHERE  `id` = 93 LIMIT 1 [ RunTime:0.001000s ]
[ sql ] [ SQL ] SHOW COLUMNS FROM `bycms_models` [ RunTime:0.020001s ]
[ sql ] [ SQL ] SELECT `name` FROM `bycms_models` WHERE  `id` = 1 LIMIT 1 [ RunTime:0.001000s ]
[ sql ] [ SQL ] SELECT * FROM `bycms_document` WHERE  `id` = 93 LIMIT 1 [ RunTime:0.001000s ]
[ sql ] [ SQL ] SELECT * FROM `bycms_document` WHERE  `id` = 93 LIMIT 1 [ RunTime:0.001000s ]
[ sql ] [ SQL ] SHOW COLUMNS FROM `bycms_photo` [ RunTime:0.022002s ]
[ sql ] [ SQL ] SELECT * FROM `bycms_photo` WHERE  `id` = 93 LIMIT 1 [ RunTime:0.001000s ]
[ sql ] [ SQL ] UPDATE `bycms_document`  SET `view`=view+1  WHERE  `id` = 93 [ RunTime:0.001000s ]
[ sql ] [ SQL ] SELECT `id`,`pid` FROM `bycms_category` [ RunTime:0.001000s ]
[ sql ] [ SQL ] SELECT `id`,`pid` FROM `bycms_category` [ RunTime:0.001000s ]
[ sql ] [ SQL ] SELECT `id`,`pid` FROM `bycms_category` [ RunTime:0.001000s ]
[ sql ] [ SQL ] SHOW COLUMNS FROM `bycms_comment` [ RunTime:0.021001s ]
[ sql ] [ SQL ] SELECT COUNT(*) AS tp_count FROM `bycms_comment` WHERE  `doc_id` = 93 LIMIT 1 [ RunTime:0.001000s ]
[ sql ] [ SQL ] SELECT * FROM `bycms_comment` WHERE  `doc_id` = 93 ORDER BY id desc LIMIT 0,10 [ RunTime:0.001000s ]
[ sql ] [ SQL ] SELECT COUNT(*) AS tp_count FROM `bycms_comment` WHERE  `doc_id` = 93 ORDER BY id desc LIMIT 1 [ RunTime:0.001000s ]
[ sql ] [ SQL ] SELECT `name` FROM `bycms_models` WHERE  `id` = 1 LIMIT 1 [ RunTime:0.000000s ]
[ sql ] [ SQL ] SELECT * FROM `bycms_document` WHERE  `model_id` = 2  AND `id` < 93 ORDER BY id desc LIMIT 1 [ RunTime:0.001000s ]
[ sql ] [ SQL ] SELECT * FROM `bycms_document` WHERE  `model_id` = 2  AND `id` > 93 ORDER BY id asc LIMIT 1 [ RunTime:0.002000s ]
[ sql ] [ SQL ] SELECT * FROM `bycms_config` WHERE  `name` = 'WEB_SITE_TITLE' LIMIT 1 [ RunTime:0.001000s ]
[ sql ] [ SQL ] SELECT * FROM `bycms_config` WHERE  `name` = 'KEYWORD' LIMIT 1 [ RunTime:0.001000s ]
[ sql ] [ SQL ] SELECT * FROM `bycms_config` WHERE  `name` = 'DESCRIPTION' LIMIT 1 [ RunTime:0.001000s ]
[ sql ] [ SQL ] SELECT * FROM `bycms_config` WHERE  `name` = 'WEB_SITE_TITLE' LIMIT 1 [ RunTime:0.001000s ]
[ sql ] [ SQL ] SELECT * FROM `bycms_config` WHERE  `name` = 'LOGO' LIMIT 1 [ RunTime:0.001000s ]
[ sql ] [ SQL ] SHOW COLUMNS FROM `bycms_picture` [ RunTime:0.021002s ]
[ sql ] [ SQL ] SELECT * FROM `bycms_picture` WHERE  `id` = 330 LIMIT 1 [ RunTime:0.001000s ]
[ sql ] [ SQL ] SHOW COLUMNS FROM `bycms_channel` [ RunTime:0.019001s ]
[ sql ] [ SQL ] SELECT * FROM `bycms_channel` ORDER BY sort asc LIMIT 10 [ RunTime:0.000000s ]
[ sql ] [ SQL ] SELECT * FROM `bycms_category` WHERE  `id` = 162 LIMIT 1 [ RunTime:0.001000s ]
[ sql ] [ SQL ] SELECT * FROM `bycms_category` WHERE  `id` = 165 LIMIT 1 [ RunTime:0.001000s ]
[ sql ] [ SQL ] SELECT * FROM `bycms_category` WHERE  `id` = 166 LIMIT 1 [ RunTime:0.001000s ]
[ sql ] [ SQL ] SELECT * FROM `bycms_document` WHERE  `model_id` = 1 ORDER BY view desc LIMIT 10 [ RunTime:0.001000s ]
[ sql ] [ SQL ] SHOW COLUMNS FROM `bycms_ad` [ RunTime:0.020001s ]
[ sql ] [ SQL ] SELECT * FROM `bycms_ad` WHERE  `place` = '2' [ RunTime:0.001000s ]
[ sql ] [ SQL ] SELECT * FROM `bycms_picture` WHERE  `id` = 189 LIMIT 1 [ RunTime:0.001000s ]
[ sql ] [ SQL ] SELECT * FROM `bycms_document` WHERE  `model_id` = 1 ORDER BY id desc LIMIT 10 [ RunTime:0.002001s ]
---------------------------------------------------------------
[ 2017-08-28T19:18:54+08:00 ] 127.0.0.1 127.0.0.1 GET /index/index/index.html
[ info ] www.bycms.com/index/index/index.html [运行时间：0.490028s][吞吐率：2.04req/s] [内存消耗：3,246.70kb] [文件加载：46]
[ info ] [ LANG ] D:\wamp\www\bycms\thinkphp\lang\zh-cn.php
[ info ] [ ROUTE ] array (
  'type' => 'module',
  'module' => 
  array (
    0 => 'index',
    1 => 'index',
    2 => 'index',
  ),
)
[ info ] [ HEADER ] array (
  'host' => 'www.bycms.com',
  'connection' => 'keep-alive',
  'pragma' => 'no-cache',
  'cache-control' => 'no-cache',
  'accept' => 'text/html,application/xhtml+xml,application/xml;q=0.9,image/webp,*/*;q=0.8',
  'upgrade-insecure-requests' => '1',
  'user-agent' => 'Mozilla/5.0 (Windows NT 6.1; WOW64) AppleWebKit/537.36 (KHTML, like Gecko) Chrome/50.0.2661.102 Safari/537.36',
  'referer' => 'http://www.bycms.com/index/article/detail/id/93.html',
  'accept-encoding' => 'gzip, deflate, sdch',
  'accept-language' => 'zh-CN,zh;q=0.8',
  'cookie' => 'PHPSESSID=sm7m0bgkuuprdicpfomh75rnv1',
)
[ info ] [ PARAM ] array (
  '/index/index/index_html' => '',
)
[ info ] [ DB ] INIT mysql
[ info ] [ SESSION ] INIT array (
  'id' => '',
  'var_session_id' => '',
  'prefix' => 'home',
  'type' => '',
  'auto_start' => true,
)
[ info ] [ RUN ] app\index\controller\Index->index[ D:\wamp\www\bycms\application\index\controller\Index.php ]
[ info ] [ VIEW ] D:\wamp\www\bycms/application/index\view\index\index.html [ array (
  0 => 'footer',
  1 => 'tree',
  2 => 'meta_title',
) ]
[ info ] [ LOG ] INIT File
[ sql ] [ DB ] CONNECT:[ UseTime:0.010001s ] mysql:dbname=bycms;host=127.0.0.1;port=3306;charset=utf8
[ sql ] [ SQL ] SHOW COLUMNS FROM `bycms_config` [ RunTime:0.020001s ]
[ sql ] [ SQL ] SELECT * FROM `bycms_config` WHERE  `name` = 'WEB_SITE_CLOSE' LIMIT 1 [ RunTime:0.001000s ]
[ sql ] [ SQL ] SHOW COLUMNS FROM `bycms_category` [ RunTime:0.021001s ]
[ sql ] [ SQL ] SELECT * FROM `bycms_category` WHERE  `type` = 1  AND `pid` > 0 ORDER BY sort asc [ RunTime:0.001000s ]
[ sql ] [ SQL ] SELECT `id`,`name`,`title`,`pid`,`sort`,`list_row`,`meta_title`,`keywords`,`description`,`template_index`,`template_lists`,`template_detail`,`template_edit`,`type`,`create_time`,`update_time`,`status`,`content`,`model_id` FROM `bycms_category` WHERE  `status` = 1  AND `type` = 0  AND `model_id` = 1 ORDER BY sort desc [ RunTime:0.001000s ]
[ sql ] [ SQL ] SELECT `id`,`pid` FROM `bycms_category` [ RunTime:0.001000s ]
[ sql ] [ SQL ] SELECT `id`,`pid` FROM `bycms_category` [ RunTime:0.001000s ]
[ sql ] [ SQL ] SELECT `id`,`pid` FROM `bycms_category` [ RunTime:0.001000s ]
[ sql ] [ SQL ] SHOW COLUMNS FROM `bycms_document` [ RunTime:0.020001s ]
[ sql ] [ SQL ] SELECT * FROM `bycms_document` WHERE  `category_id` IN (160,161,159)  AND `model_id` = 1 ORDER BY id desc LIMIT 5 [ RunTime:0.001000s ]
[ sql ] [ SQL ] SELECT `id`,`pid` FROM `bycms_category` [ RunTime:0.001000s ]
[ sql ] [ SQL ] SELECT `id`,`pid` FROM `bycms_category` [ RunTime:0.001001s ]
[ sql ] [ SQL ] SELECT `id`,`pid` FROM `bycms_category` [ RunTime:0.001000s ]
[ sql ] [ SQL ] SELECT `id`,`pid` FROM `bycms_category` [ RunTime:0.001000s ]
[ sql ] [ SQL ] SELECT * FROM `bycms_document` WHERE  `category_id` IN (165,166,177,162)  AND `model_id` = 1 ORDER BY id desc LIMIT 5 [ RunTime:0.002000s ]
[ sql ] [ SQL ] SELECT `id`,`pid` FROM `bycms_category` [ RunTime:0.001000s ]
[ sql ] [ SQL ] SELECT `id`,`pid` FROM `bycms_category` [ RunTime:0.002000s ]
[ sql ] [ SQL ] SELECT `id`,`pid` FROM `bycms_category` [ RunTime:0.001000s ]
[ sql ] [ SQL ] SELECT * FROM `bycms_document` WHERE  `category_id` IN (167,168,163)  AND `model_id` = 1 ORDER BY id desc LIMIT 5 [ RunTime:0.002000s ]
[ sql ] [ SQL ] SELECT `id`,`pid` FROM `bycms_category` [ RunTime:0.001000s ]
[ sql ] [ SQL ] SELECT `id`,`pid` FROM `bycms_category` [ RunTime:0.001000s ]
[ sql ] [ SQL ] SELECT `id`,`pid` FROM `bycms_category` [ RunTime:0.001000s ]
[ sql ] [ SQL ] SELECT `id`,`pid` FROM `bycms_category` [ RunTime:0.001001s ]
[ sql ] [ SQL ] SELECT `id`,`pid` FROM `bycms_category` [ RunTime:0.001000s ]
[ sql ] [ SQL ] SELECT `id`,`pid` FROM `bycms_category` [ RunTime:0.001000s ]
[ sql ] [ SQL ] SELECT * FROM `bycms_document` WHERE  `category_id` IN (169,170,171,178,179,164)  AND `model_id` = 1 ORDER BY id desc LIMIT 5 [ RunTime:0.001000s ]
[ sql ] [ SQL ] SHOW COLUMNS FROM `bycms_count` [ RunTime:0.020001s ]
[ sql ] [ SQL ] SELECT COUNT(*) AS tp_count FROM `bycms_count` WHERE  `model` = 'visitor'  AND `time` = 20170828 LIMIT 1 [ RunTime:0.001000s ]
[ sql ] [ SQL ] UPDATE `bycms_count`  SET `num`=1  WHERE  `model` = 'visitor'  AND `time` = 20170828 [ RunTime:0.001000s ]
[ sql ] [ SQL ] SELECT * FROM `bycms_config` WHERE  `name` = 'WEB_SITE_TITLE' LIMIT 1 [ RunTime:0.001000s ]
[ sql ] [ SQL ] SELECT * FROM `bycms_config` WHERE  `name` = 'KEYWORD' LIMIT 1 [ RunTime:0.001000s ]
[ sql ] [ SQL ] SELECT * FROM `bycms_config` WHERE  `name` = 'DESCRIPTION' LIMIT 1 [ RunTime:0.001000s ]
[ sql ] [ SQL ] SELECT * FROM `bycms_config` WHERE  `name` = 'WEB_SITE_TITLE' LIMIT 1 [ RunTime:0.000000s ]
[ sql ] [ SQL ] SELECT * FROM `bycms_config` WHERE  `name` = 'LOGO' LIMIT 1 [ RunTime:0.001000s ]
[ sql ] [ SQL ] SHOW COLUMNS FROM `bycms_picture` [ RunTime:0.020001s ]
[ sql ] [ SQL ] SELECT * FROM `bycms_picture` WHERE  `id` = 330 LIMIT 1 [ RunTime:0.001000s ]
[ sql ] [ SQL ] SHOW COLUMNS FROM `bycms_channel` [ RunTime:0.019001s ]
[ sql ] [ SQL ] SELECT * FROM `bycms_channel` ORDER BY sort asc LIMIT 10 [ RunTime:0.000000s ]
[ sql ] [ SQL ] SELECT * FROM `bycms_document` WHERE  `position` = 1 [ RunTime:0.002000s ]
[ sql ] [ SQL ] SELECT * FROM `bycms_picture` WHERE  `id` = 186 LIMIT 1 [ RunTime:0.001000s ]
[ sql ] [ SQL ] SELECT * FROM `bycms_document` WHERE  `model_id` = 1 ORDER BY view desc LIMIT 6 [ RunTime:0.001000s ]
[ sql ] [ SQL ] SHOW COLUMNS FROM `bycms_slide` [ RunTime:0.020001s ]
[ sql ] [ SQL ] SELECT * FROM `bycms_slide` WHERE  `place` = 0 ORDER BY sort desc LIMIT 5 [ RunTime:0.001000s ]
[ sql ] [ SQL ] SELECT * FROM `bycms_picture` WHERE  `id` = 296 LIMIT 1 [ RunTime:0.000000s ]
[ sql ] [ SQL ] SELECT * FROM `bycms_picture` WHERE  `id` = 177 LIMIT 1 [ RunTime:0.001000s ]
[ sql ] [ SQL ] SELECT * FROM `bycms_picture` WHERE  `id` = 176 LIMIT 1 [ RunTime:0.001000s ]
[ sql ] [ SQL ] SELECT * FROM `bycms_picture` WHERE  `id` = 220 LIMIT 1 [ RunTime:0.001000s ]
[ sql ] [ SQL ] SELECT * FROM `bycms_slide` WHERE  `place` = 0 ORDER BY sort desc LIMIT 5 [ RunTime:0.001000s ]
[ sql ] [ SQL ] SELECT * FROM `bycms_document` WHERE  `position` = 3 [ RunTime:0.001000s ]
[ sql ] [ SQL ] SELECT * FROM `bycms_document` WHERE  `position` = 4 [ RunTime:0.002001s ]
[ sql ] [ SQL ] SHOW COLUMNS FROM `bycms_ad` [ RunTime:0.020001s ]
[ sql ] [ SQL ] SELECT * FROM `bycms_ad` WHERE  `place` = '1' [ RunTime:0.001000s ]
[ sql ] [ SQL ] SELECT * FROM `bycms_picture` WHERE  `id` = 181 LIMIT 1 [ RunTime:0.001000s ]
[ sql ] [ SQL ] SELECT * FROM `bycms_document` WHERE  `model_id` = 2 ORDER BY view desc LIMIT 10 [ RunTime:0.000000s ]
[ sql ] [ SQL ] SELECT * FROM `bycms_picture` WHERE  `id` = 279 LIMIT 1 [ RunTime:0.001001s ]
[ sql ] [ SQL ] SELECT * FROM `bycms_picture` WHERE  `id` = 265 LIMIT 1 [ RunTime:0.001000s ]
[ sql ] [ SQL ] SELECT * FROM `bycms_picture` WHERE  `id` = 314 LIMIT 1 [ RunTime:0.001000s ]
[ sql ] [ SQL ] SELECT * FROM `bycms_picture` WHERE  `id` = 308 LIMIT 1 [ RunTime:0.001000s ]
[ sql ] [ SQL ] SELECT * FROM `bycms_picture` WHERE  `id` = 326 LIMIT 1 [ RunTime:0.000000s ]
[ sql ] [ SQL ] SELECT `id`,`pid` FROM `bycms_category` [ RunTime:0.001000s ]
[ sql ] [ SQL ] SELECT * FROM `bycms_document` WHERE  `category_id` IN (181) ORDER BY id desc LIMIT 2 [ RunTime:0.001000s ]
[ sql ] [ SQL ] SELECT * FROM `bycms_ad` WHERE  `place` = '2' [ RunTime:0.001000s ]
[ sql ] [ SQL ] SELECT * FROM `bycms_picture` WHERE  `id` = 189 LIMIT 1 [ RunTime:0.001000s ]
[ sql ] [ SQL ] SELECT * FROM `bycms_document` WHERE  `model_id` = 1 ORDER BY view desc LIMIT 10 [ RunTime:0.001000s ]
[ sql ] [ SQL ] SHOW COLUMNS FROM `bycms_friendlink` [ RunTime:0.021002s ]
[ sql ] [ SQL ] SELECT * FROM `bycms_friendlink` ORDER BY id desc LIMIT 10 [ RunTime:0.001000s ]
---------------------------------------------------------------
[ 2017-08-28T19:19:07+08:00 ] 127.0.0.1 127.0.0.1 GET /index/article/detail/id/102.html
[ info ] www.bycms.com/index/article/detail/id/102.html [运行时间：0.427025s][吞吐率：2.34req/s] [内存消耗：3,368.36kb] [文件加载：53]
[ info ] [ LANG ] D:\wamp\www\bycms\thinkphp\lang\zh-cn.php
[ info ] [ ROUTE ] array (
  'type' => 'module',
  'module' => 
  array (
    0 => 'index',
    1 => 'article',
    2 => 'detail',
  ),
)
[ info ] [ HEADER ] array (
  'host' => 'www.bycms.com',
  'connection' => 'keep-alive',
  'accept' => 'text/html,application/xhtml+xml,application/xml;q=0.9,image/webp,*/*;q=0.8',
  'upgrade-insecure-requests' => '1',
  'user-agent' => 'Mozilla/5.0 (Windows NT 6.1; WOW64) AppleWebKit/537.36 (KHTML, like Gecko) Chrome/50.0.2661.102 Safari/537.36',
  'referer' => 'http://www.bycms.com/index/index/index.html',
  'accept-encoding' => 'gzip, deflate, sdch',
  'accept-language' => 'zh-CN,zh;q=0.8',
  'cookie' => 'PHPSESSID=sm7m0bgkuuprdicpfomh75rnv1',
)
[ info ] [ PARAM ] array (
  '/index/article/detail/id/102_html' => '',
  'id' => '102',
)
[ info ] [ DB ] INIT mysql
[ info ] [ SESSION ] INIT array (
  'id' => '',
  'var_session_id' => '',
  'prefix' => 'home',
  'type' => '',
  'auto_start' => true,
)
[ info ] [ RUN ] app\index\controller\Article->detail[ D:\wamp\www\bycms\application\index\controller\Article.php ]
[ info ] [ CACHE ] INIT File
[ info ] [ VIEW ] D:\wamp\www\bycms/application/index\view\model\document_detail.html [ array (
  0 => 'footer',
  1 => 'pid',
  2 => 'meta_title',
  3 => 'res',
  4 => 'info',
  5 => 'pre',
  6 => 'next',
) ]
[ info ] [ LOG ] INIT File
[ sql ] [ DB ] CONNECT:[ UseTime:0.010001s ] mysql:dbname=bycms;host=127.0.0.1;port=3306;charset=utf8
[ sql ] [ SQL ] SHOW COLUMNS FROM `bycms_config` [ RunTime:0.021001s ]
[ sql ] [ SQL ] SELECT * FROM `bycms_config` WHERE  `name` = 'WEB_SITE_CLOSE' LIMIT 1 [ RunTime:0.002001s ]
[ sql ] [ SQL ] SHOW COLUMNS FROM `bycms_category` [ RunTime:0.021001s ]
[ sql ] [ SQL ] SELECT * FROM `bycms_category` WHERE  `type` = 1  AND `pid` > 0 ORDER BY sort asc [ RunTime:0.001000s ]
[ sql ] [ SQL ] SHOW COLUMNS FROM `bycms_document` [ RunTime:0.021002s ]
[ sql ] [ SQL ] SELECT `id`,`uid`,`title`,`category_id`,`cover_id`,`view`,`create_time`,`update_time`,`status`,`content`,`sort`,`description`,`comments`,`position`,`model_id` FROM `bycms_document` WHERE  `id` = 102 LIMIT 1 [ RunTime:0.001000s ]
[ sql ] [ SQL ] SHOW COLUMNS FROM `bycms_models` [ RunTime:0.022001s ]
[ sql ] [ SQL ] SELECT `name` FROM `bycms_models` WHERE  `id` = 1 LIMIT 1 [ RunTime:0.001000s ]
[ sql ] [ SQL ] SELECT * FROM `bycms_document` WHERE  `id` = 102 LIMIT 1 [ RunTime:0.001001s ]
[ sql ] [ SQL ] SELECT * FROM `bycms_document` WHERE  `id` = 102 LIMIT 1 [ RunTime:0.001000s ]
[ sql ] [ SQL ] SHOW COLUMNS FROM `bycms_photo` [ RunTime:0.021001s ]
[ sql ] [ SQL ] SELECT * FROM `bycms_photo` WHERE  `id` = 102 LIMIT 1 [ RunTime:0.001000s ]
[ sql ] [ SQL ] UPDATE `bycms_document`  SET `view`=view+1  WHERE  `id` = 102 [ RunTime:0.000000s ]
[ sql ] [ SQL ] SELECT `id`,`pid` FROM `bycms_category` [ RunTime:0.001000s ]
[ sql ] [ SQL ] SELECT `id`,`pid` FROM `bycms_category` [ RunTime:0.000000s ]
[ sql ] [ SQL ] SELECT `id`,`pid` FROM `bycms_category` [ RunTime:0.001000s ]
[ sql ] [ SQL ] SHOW COLUMNS FROM `bycms_comment` [ RunTime:0.020002s ]
[ sql ] [ SQL ] SELECT COUNT(*) AS tp_count FROM `bycms_comment` WHERE  `doc_id` = 102 LIMIT 1 [ RunTime:0.001000s ]
[ sql ] [ SQL ] SELECT * FROM `bycms_comment` WHERE  `doc_id` = 102 ORDER BY id desc LIMIT 0,10 [ RunTime:0.002000s ]
[ sql ] [ SQL ] SELECT COUNT(*) AS tp_count FROM `bycms_comment` WHERE  `doc_id` = 102 ORDER BY id desc LIMIT 1 [ RunTime:0.001000s ]
[ sql ] [ SQL ] SELECT `name` FROM `bycms_models` WHERE  `id` = 1 LIMIT 1 [ RunTime:0.001000s ]
[ sql ] [ SQL ] SELECT * FROM `bycms_document` WHERE  `model_id` = 2  AND `id` < 102 ORDER BY id desc LIMIT 1 [ RunTime:0.001001s ]
[ sql ] [ SQL ] SELECT * FROM `bycms_document` WHERE  `model_id` = 2  AND `id` > 102 ORDER BY id asc LIMIT 1 [ RunTime:0.002000s ]
[ sql ] [ SQL ] SELECT * FROM `bycms_config` WHERE  `name` = 'WEB_SITE_TITLE' LIMIT 1 [ RunTime:0.001000s ]
[ sql ] [ SQL ] SELECT * FROM `bycms_config` WHERE  `name` = 'KEYWORD' LIMIT 1 [ RunTime:0.001000s ]
[ sql ] [ SQL ] SELECT * FROM `bycms_config` WHERE  `name` = 'DESCRIPTION' LIMIT 1 [ RunTime:0.001000s ]
[ sql ] [ SQL ] SELECT * FROM `bycms_config` WHERE  `name` = 'WEB_SITE_TITLE' LIMIT 1 [ RunTime:0.001001s ]
[ sql ] [ SQL ] SELECT * FROM `bycms_config` WHERE  `name` = 'LOGO' LIMIT 1 [ RunTime:0.000000s ]
[ sql ] [ SQL ] SHOW COLUMNS FROM `bycms_picture` [ RunTime:0.021001s ]
[ sql ] [ SQL ] SELECT * FROM `bycms_picture` WHERE  `id` = 330 LIMIT 1 [ RunTime:0.001000s ]
[ sql ] [ SQL ] SHOW COLUMNS FROM `bycms_channel` [ RunTime:0.020002s ]
[ sql ] [ SQL ] SELECT * FROM `bycms_channel` ORDER BY sort asc LIMIT 10 [ RunTime:0.001000s ]
[ sql ] [ SQL ] SELECT * FROM `bycms_category` WHERE  `id` = 164 LIMIT 1 [ RunTime:0.001000s ]
[ sql ] [ SQL ] SELECT * FROM `bycms_category` WHERE  `id` = 169 LIMIT 1 [ RunTime:0.000000s ]
[ sql ] [ SQL ] SELECT * FROM `bycms_category` WHERE  `id` = 170 LIMIT 1 [ RunTime:0.001000s ]
[ sql ] [ SQL ] SHOW COLUMNS FROM `bycms_ucenter_member` [ RunTime:0.021001s ]
[ sql ] [ SQL ] SELECT * FROM `bycms_ucenter_member` WHERE  `id` = 1 LIMIT 1 [ RunTime:0.000000s ]
[ sql ] [ SQL ] SELECT * FROM `bycms_document` WHERE  `model_id` = 1 ORDER BY view desc LIMIT 10 [ RunTime:0.001000s ]
[ sql ] [ SQL ] SHOW COLUMNS FROM `bycms_ad` [ RunTime:0.019001s ]
[ sql ] [ SQL ] SELECT * FROM `bycms_ad` WHERE  `place` = '2' [ RunTime:0.001000s ]
[ sql ] [ SQL ] SELECT * FROM `bycms_picture` WHERE  `id` = 189 LIMIT 1 [ RunTime:0.001000s ]
[ sql ] [ SQL ] SELECT * FROM `bycms_document` WHERE  `model_id` = 1 ORDER BY id desc LIMIT 10 [ RunTime:0.002001s ]
